
================================================================
======== Log Rotated - 3/24/2023, 12:00:00 AM                   
================================================================
[00:00:09][zurv4n] logged in via in-game ui
[00:09:56][zurv4n] executed "RESTART SERVER"
[00:10:55][zurv4n] logged in via in-game ui
[20:09:01][zurv4n] executed "RESTART SERVER"
[20:16:32][zurv4n] executed "RESTART SERVER"
[20:33:28][zurv4n] logged in via in-game ui
[20:38:04][zurv4n] executed "RESTART SERVER"
[20:39:00][zurv4n] logged in via in-game ui
[21:37:09][zurv4n] executed "RESTART SERVER"
[23:33:08][zurv4n] executed "RESTART SERVER"
[23:35:16][sehri] logged in via in-game ui
[01:48:39][bryson] logged in via in-game ui
[01:52:33][zurv4n] logged in from 192.168.4.51 via citizenfx
[01:52:33][bryson] logged in via in-game ui
[01:52:33][sehri] logged in via in-game ui
[01:57:27][bryson] logged in via in-game ui
[02:08:47][bryson] logged in via in-game ui
[02:11:44][bryson] logged in via in-game ui
[02:16:52][zurv4n] logged in via in-game ui
[02:34:33][zurv4n] Changing monitor settings.
[02:36:48][zurv4n] Changing monitor settings.
[10:00:48][SCHEDULER] Restarting server (scheduled restart at 10:00).
[13:05:06][bryson] logged in via in-game ui
[13:19:13][zurv4n] logged in via in-game ui
[14:38:02][zurv4n] logged in via in-game ui
[17:30:22][zurv4n] logged in via in-game ui
[18:00:03][SCHEDULER] Restarting server (scheduled restart at 18:00).
[18:01:39][zurv4n] executed "RESTART SERVER"
[18:03:12][zurv4n] logged in via in-game ui
[18:12:51][zurv4n] executed "RESTART SERVER"
[18:14:06][zurv4n] logged in via in-game ui
[18:54:02][zurv4n] executed "RESTART SERVER"
[18:54:38][zurv4n] executed "RESTART SERVER"
[18:57:19][zurv4n] executed "RESTART SERVER"
[19:09:11][zurv4n] executed "RESTART SERVER"
[19:10:14][zurv4n] logged in via in-game ui
[19:28:45][zurv4n] executed "STOP SERVER"
[19:29:07][zurv4n] executed "START SERVER"
[19:29:58][zurv4n] logged in via in-game ui
[19:51:53][zurv4n] executed "RESTART SERVER"
[19:53:04][zurv4n] logged in via in-game ui
[22:14:09][zurv4n] executed "RESTART SERVER"
[22:14:13][zurv4n] executed "STOP SERVER"

================================================================
======== txAdmin Starting - 3/25/2023, 10:30:27 PM              
================================================================
[22:31:25][zurv4n] logged in from 192.168.4.51 via citizenfx
[22:31:29][zurv4n] executed "STOP SERVER"
[22:47:13][zurv4n] executed "RESTART SERVER"
[22:50:01][zurv4n] executed "RESTART SERVER"
[22:51:52][zurv4n] executed "RESTART SERVER"
[22:53:26][zurv4n] logged in via in-game ui
[23:05:45][zurv4n] executed "ensure "bb_Picking""
[23:12:46][zurv4n] executed "ensure "bb_Picking""
[23:13:20][zurv4n] executed "RESTART SERVER"
[23:19:16][zurv4n] executed "RESTART SERVER"
[23:29:32][zurv4n] logged in via in-game ui
[00:02:51][zurv4n] executed "STOP SERVER"
[00:03:03][zurv4n] executed "START SERVER"
[00:04:03][zurv4n] logged in via in-game ui
[02:00:33][SCHEDULER] Restarting server (scheduled restart at 02:00).
[10:00:49][SCHEDULER] Restarting server (scheduled restart at 10:00).
[12:44:26][zurv4n] executed "RESTART SERVER"
[12:45:42][zurv4n] logged in via in-game ui
[12:50:16][zurv4n] executed "RESTART SERVER"
[12:51:49][zurv4n] logged in via in-game ui
[13:07:55][zurv4n] executed "RESTART SERVER"
[13:09:38][zurv4n] logged in via in-game ui
[13:19:58][zurv4n] executed "RESTART SERVER"
[13:21:05][zurv4n] Changing Player Controller settings.
[13:21:12][zurv4n] executed "RESTART SERVER"
[13:22:34][zurv4n] logged in via in-game ui
[14:58:25][zurv4n] executed "STOP SERVER"
[14:58:35][zurv4n] executed "START SERVER"
[14:59:12][zurv4n] executed "RESTART SERVER"
[15:01:05][zurv4n] logged in via in-game ui
[15:09:19][zurv4n] executed "STOP SERVER"
[16:15:15][zurv4n] executed "START SERVER"
[16:15:50][zurv4n] logged in via in-game ui
[16:19:13][zurv4n] executed "STOP SERVER"
[16:22:56][zurv4n] executed "START SERVER"
[16:23:54][zurv4n] logged in via in-game ui
[16:41:07][zurv4n] executed "RESTART SERVER"
[16:42:06][zurv4n] logged in via in-game ui
[16:44:21][zurv4n] executed "STOP SERVER"
[16:44:43][zurv4n] executed "START SERVER"
[16:45:56][zurv4n] logged in via in-game ui
[17:01:27][zurv4n] executed "STOP SERVER"
[17:03:18][zurv4n] executed "START SERVER"
[17:04:10][zurv4n] logged in via in-game ui
[18:00:04][SCHEDULER] Restarting server (scheduled restart at 18:00).
[21:11:25][zurv4n] executed "STOP SERVER"
[21:11:58][zurv4n] executed "START SERVER"
[02:00:19][SCHEDULER] Restarting server (scheduled restart at 02:00).
[08:39:16][zurv4n] logged in from 192.168.4.51 via citizenfx
[10:00:34][SCHEDULER] Restarting server (scheduled restart at 10:00).
[13:30:43][zurv4n] executed "RESTART SERVER"
[13:44:38][zurv4n] executed "RESTART SERVER"
[13:45:50][zurv4n] logged in via in-game ui
[13:51:12][zurv4n] executed "RESTART SERVER"
[13:52:12][zurv4n] logged in via in-game ui
[14:00:59][zurv4n] executed "RESTART SERVER"
[14:02:02][zurv4n] logged in via in-game ui
[14:14:56][zurv4n] executed "RESTART SERVER"
[14:15:54][zurv4n] logged in via in-game ui
[14:57:33][zurv4n] executed "RESTART SERVER"
[14:58:56][zurv4n] logged in via in-game ui
[15:35:54][zurv4n] executed "RESTART SERVER"
[15:47:27][zurv4n] executed "RESTART SERVER"
[16:02:26][zurv4n] executed "RESTART SERVER"
[16:03:51][zurv4n] logged in via in-game ui
[16:05:11][zurv4n] executed "RESTART SERVER"
[16:07:27][zurv4n] logged in via in-game ui
[17:23:34][zurv4n] executed "RESTART SERVER"
[17:24:33][zurv4n] executed "RESTART SERVER"
[17:28:00][zurv4n] logged in via in-game ui
[17:30:46][zurv4n] executed "RESTART SERVER"
[17:31:49][zurv4n] logged in via in-game ui
[17:39:45][zurv4n] executed "RESTART SERVER"
[17:40:41][zurv4n] executed "RESTART SERVER"
[17:40:56][zurv4n] executed "STOP SERVER"

================================================================
======== txAdmin Starting - 3/27/2023, 5:41:15 PM               
================================================================
[17:41:29][zurv4n] logged in from 192.168.4.51 via citizenfx
[17:43:29][zurv4n] logged in via in-game ui
[17:48:50][zurv4n] executed "STOP SERVER"
[17:50:28][zurv4n] executed "START SERVER"
[17:51:28][zurv4n] logged in via in-game ui
[17:53:50][zurv4n] executed "STOP SERVER"
[17:53:58][zurv4n] executed "START SERVER"
[17:54:18][zurv4n] executed "STOP SERVER"
[17:55:15][zurv4n] executed "START SERVER"
[18:00:15][SCHEDULER] Restarting server (scheduled restart at 18:00).
[18:01:50][zurv4n] executed "RESTART SERVER"
[18:02:54][zurv4n] logged in via in-game ui
[18:16:02][zurv4n] executed "RESTART SERVER"
[18:40:48][sehri] logged in via in-game ui
[18:48:44][zurv4n] executed "RESTART SERVER"
[18:50:40][sehri] logged in via in-game ui
[19:11:56][zurv4n] Sending announcement: restart in ten seconds
[19:12:10][zurv4n] executed "RESTART SERVER"
[19:13:01][zurv4n] executed "RESTART SERVER"
[19:15:04][sehri] logged in via in-game ui
[19:35:58][bryson] logged in via in-game ui
[20:20:13][bryson] logged in via in-game ui
[20:20:46][zurv4n] Revoked warn id W5GA-E545 from Colt Johnson
[20:56:36][zurv4n] logged in via in-game ui
[21:01:10][zurv4n] logged in via in-game ui
[21:31:47][zurv4n] logged in via in-game ui
[22:52:12][zurv4n] executed "STOP SERVER"
[22:52:22][zurv4n] executed "START SERVER"
[23:06:42][zurv4n] executed "ensure "vorp_crafting""
[23:22:07][zurv4n] executed "RESTART SERVER"
[23:25:49][zurv4n] executed "RESTART SERVER"
[23:30:08][zurv4n] executed "RESTART SERVER"
[23:32:36][zurv4n] executed "RESTART SERVER"
[23:34:48][zurv4n] executed "RESTART SERVER"
[02:00:30][SCHEDULER] Restarting server (scheduled restart at 02:00).
[10:00:44][SCHEDULER] Restarting server (scheduled restart at 10:00).
[16:15:24][zurv4n] executed "RESTART SERVER"
[18:00:59][SCHEDULER] Restarting server (scheduled restart at 18:00).
[18:21:40][zurv4n] logged in from 192.168.4.51 via citizenfx
[18:44:53][zurv4n] executed "RESTART SERVER"
[19:00:34][zurv4n] executed "RESTART SERVER"
[19:05:42][zurv4n] executed "RESTART SERVER"
[19:09:10][zurv4n] executed "RESTART SERVER"
[19:19:07][zurv4n] executed "RESTART SERVER"
[19:41:34][zurv4n] logged in via in-game ui
[20:33:19][zurv4n] executed "RESTART SERVER"
[20:38:34][zurv4n] executed "RESTART SERVER"
[20:42:02][zurv4n] executed "RESTART SERVER"
[20:47:49][zurv4n] executed "ensure "temperature""
[20:48:15][zurv4n] executed "ensure "temperature""
[20:48:45][zurv4n] executed "ensure "temperature""
[20:49:39][zurv4n] executed "ensure "temperature""
[20:50:16][zurv4n] executed "ensure "temperature""
[20:50:49][zurv4n] executed "ensure "temperature""
[20:51:10][zurv4n] executed "ensure "temperature""
[20:51:42][zurv4n] executed "ensure "temperature""
[20:52:51][zurv4n] executed "RESTART SERVER"
[20:53:08][zurv4n] executed "RESTART SERVER"
[21:08:35][zurv4n] executed "RESTART SERVER"
[21:09:25][zurv4n] executed "RESTART SERVER"
[21:10:50][zurv4n] executed "RESTART SERVER"
[21:20:32][zurv4n] executed "RESTART SERVER"
[21:24:55][zurv4n] executed "RESTART SERVER"
[21:35:03][zurv4n] executed "RESTART SERVER"
[21:36:12][zurv4n] executed "RESTART SERVER"
[21:38:11][zurv4n] executed "RESTART SERVER"
[21:41:34][zurv4n] executed "RESTART SERVER"
[21:47:01][zurv4n] executed "RESTART SERVER"
[21:54:34][zurv4n] executed "RESTART SERVER"
[21:55:50][zurv4n] executed "RESTART SERVER"
[22:03:47][zurv4n] executed "STOP SERVER"
[22:09:07][zurv4n] executed "START SERVER"
[22:09:38][zurv4n] executed "RESTART SERVER"
[22:11:09][zurv4n] executed "RESTART SERVER"
[22:12:26][zurv4n] logged in via in-game ui
[22:15:18][zurv4n] executed "RESTART SERVER"
[22:15:50][zurv4n] logged in via in-game ui
[22:22:44][zurv4n] executed "RESTART SERVER"
[22:23:45][zurv4n] logged in via in-game ui

================================================================
======== txAdmin Starting - 3/28/2023, 10:26:14 PM              
================================================================
[22:26:28][zurv4n] logged in from 192.168.4.51 via citizenfx
[22:28:03][zurv4n] logged in via in-game ui
[22:36:12][zurv4n] executed "RESTART SERVER"
[22:36:42][zurv4n] logged in via in-game ui
[02:00:20][SCHEDULER] Restarting server (scheduled restart at 02:00).
[10:00:35][SCHEDULER] Restarting server (scheduled restart at 10:00).
[14:52:39][zurv4n] executed "RESTART SERVER"
[15:03:53][zurv4n] logged in via in-game ui
[15:06:10][zurv4n] executed "STOP SERVER"

================================================================
======== txAdmin Starting - 3/29/2023, 3:09:22 PM               
================================================================
[15:09:57][zurv4n] logged in from 192.168.4.51 via citizenfx
[15:13:27][zurv4n] executed "RESTART SERVER"
[15:14:27][zurv4n] executed "RESTART SERVER"
[15:15:31][zurv4n] logged in via in-game ui
[15:24:55][zurv4n] executed "RESTART SERVER"
[15:28:24][zurv4n] executed "RESTART SERVER"
[17:04:04][zurv4n] executed "RESTART SERVER"
[17:05:59][zurv4n] logged in via in-game ui
[18:00:26][SCHEDULER] Restarting server (scheduled restart at 18:00).
[19:54:06][zurv4n] executed "RESTART SERVER"
[20:10:36][zurv4n] logged in via in-game ui
[21:42:50][zurv4n] executed "RESTART SERVER"
[21:43:59][zurv4n] logged in via in-game ui
[21:48:31][zurv4n] logged in via in-game ui
[22:02:24][zurv4n] logged in via in-game ui
[22:10:07][zurv4n] executed "STOP SERVER"

================================================================
======== txAdmin Starting - 3/29/2023, 10:12:08 PM              
================================================================
[22:12:32][zurv4n] logged in from 192.168.4.51 via citizenfx
[22:13:30][zurv4n] logged in via in-game ui
[22:22:52][zurv4n] executed "ensure "vorp_banking""
[02:00:15][SCHEDULER] Restarting server (scheduled restart at 02:00).
[10:00:29][SCHEDULER] Restarting server (scheduled restart at 10:00).
[15:38:39][zurv4n] Changing Player Controller settings.
[15:38:50][zurv4n] executed "RESTART SERVER"
[18:00:44][SCHEDULER] Restarting server (scheduled restart at 18:00).
[02:00:59][SCHEDULER] Restarting server (scheduled restart at 02:00).

================================================================
======== txAdmin Starting - 3/31/2023, 9:24:30 AM               
================================================================
[09:25:04][zurv4n] logged in from 192.168.4.51 via citizenfx
[09:32:29][zurv4n] executed "STOP SERVER"

================================================================
======== txAdmin Starting - 3/31/2023, 9:32:55 AM               
================================================================
[09:33:02][zurv4n] logged in from 192.168.4.51 via citizenfx
[10:00:56][SCHEDULER] Restarting server (scheduled restart at 10:00).
[10:43:52][zurv4n] logged in via in-game ui
[10:55:02][zurv4n] logged in via in-game ui

================================================================
======== txAdmin Starting - 3/31/2023, 3:19:47 PM               
================================================================
[15:21:12][zurv4n] logged in from 192.168.4.51 via citizenfx
[15:21:51][zurv4n] executed "RESTART SERVER"
[15:23:48][zurv4n] logged in from 192.168.4.51 via citizenfx
[18:00:52][SCHEDULER] Restarting server (scheduled restart at 18:00).
[02:00:07][SCHEDULER] Restarting server (scheduled restart at 02:00).
[10:00:22][SCHEDULER] Restarting server (scheduled restart at 10:00).
[11:19:49][zurv4n] executed "RESTART SERVER"
[11:21:00][zurv4n] logged in via in-game ui
[12:42:04][zurv4n] logged in via in-game ui
[13:03:40][zurv4n] executed "RESTART SERVER"
[14:23:54][zurv4n] executed "RESTART SERVER"
[14:24:55][zurv4n] logged in via in-game ui
[14:27:46][zurv4n] executed "RESTART SERVER"
[14:28:55][zurv4n] logged in via in-game ui
[14:38:28][zurv4n] logged in via in-game ui
[15:13:20][zurv4n] executed "RESTART SERVER"
[15:15:02][zurv4n] logged in via in-game ui
[15:17:17][zurv4n] executed "RESTART SERVER"
[15:17:37][zurv4n] executed "RESTART SERVER"
[15:18:42][zurv4n] logged in via in-game ui
[15:23:12][zurv4n] executed "RESTART SERVER"
[15:23:47][zurv4n] executed "RESTART SERVER"
[15:23:55][zurv4n] logged in from 192.168.4.51 via citizenfx
[15:25:00][zurv4n] logged in via in-game ui
[15:28:21][zurv4n] executed "RESTART SERVER"
[15:29:35][zurv4n] logged in via in-game ui
[15:32:20][zurv4n] executed "RESTART SERVER"
[15:33:22][zurv4n] logged in via in-game ui
[15:35:21][zurv4n] executed "RESTART SERVER"
[15:36:44][zurv4n] logged in via in-game ui
[15:41:45][zurv4n] executed "RESTART SERVER"
[15:42:57][zurv4n] logged in via in-game ui
[15:44:27][zurv4n] executed "RESTART SERVER"
[15:45:49][zurv4n] logged in via in-game ui
[15:47:58][zurv4n] executed "RESTART SERVER"
[15:49:19][zurv4n] logged in via in-game ui
[15:51:08][zurv4n] executed "RESTART SERVER"
[15:52:45][zurv4n] logged in via in-game ui
[15:55:00][zurv4n] executed "RESTART SERVER"
[15:56:37][zurv4n] logged in via in-game ui
[15:58:31][zurv4n] executed "RESTART SERVER"
[15:59:40][zurv4n] logged in via in-game ui
[16:00:57][zurv4n] executed "RESTART SERVER"
[16:02:21][zurv4n] logged in via in-game ui
[16:03:37][zurv4n] executed "RESTART SERVER"
[16:04:47][zurv4n] logged in via in-game ui
[16:07:33][zurv4n] executed "RESTART SERVER"
[16:08:50][zurv4n] logged in via in-game ui
[16:11:44][zurv4n] executed "RESTART SERVER"
[16:13:24][zurv4n] logged in via in-game ui
[16:15:09][zurv4n] executed "RESTART SERVER"
[16:17:00][zurv4n] logged in via in-game ui
[18:00:38][SCHEDULER] Restarting server (scheduled restart at 18:00).
[02:00:53][SCHEDULER] Restarting server (scheduled restart at 02:00).
[10:00:08][SCHEDULER] Restarting server (scheduled restart at 10:00).
[15:55:05][zurv4n] logged in via in-game ui
[16:23:53][bryson] logged in via in-game ui
[16:46:09][zurv4n] logged in from 192.168.4.51 via citizenfx
[16:46:09][bryson] logged in via in-game ui
[16:46:41][zurv4n] Sending announcement: restart in 10s
[16:46:55][zurv4n] executed "RESTART SERVER"
[16:48:18][zurv4n] logged in via in-game ui
[17:33:56][zurv4n] executed "RESTART SERVER"
[17:35:15][zurv4n] logged in via in-game ui
[18:00:23][SCHEDULER] Restarting server (scheduled restart at 18:00).
[18:02:21][zurv4n] logged in via in-game ui
[18:54:09][zurv4n] executed "RESTART SERVER"
[18:55:20][zurv4n] logged in via in-game ui
[02:00:38][SCHEDULER] Restarting server (scheduled restart at 02:00).
[10:00:53][SCHEDULER] Restarting server (scheduled restart at 10:00).
[16:12:34][zurv4n] logged in from 192.168.4.51 via citizenfx
[18:00:08][SCHEDULER] Restarting server (scheduled restart at 18:00).
[18:26:25][zurv4n] logged in from 192.168.4.51 via citizenfx
[18:31:40][zurv4n] executed "RESTART SERVER"
[18:33:12][zurv4n] logged in via in-game ui
[19:10:11][zurv4n] executed "RESTART SERVER"
[19:12:35][zurv4n] logged in via in-game ui
[19:26:19][zurv4n] executed "RESTART SERVER"
[19:27:28][zurv4n] logged in via in-game ui
[20:21:17][zurv4n] executed "RESTART SERVER"
[20:52:15][zurv4n] executed "RESTART SERVER"
[20:53:42][zurv4n] logged in via in-game ui
[21:14:52][zurv4n] executed "RESTART SERVER"
[21:16:02][zurv4n] logged in via in-game ui
[21:23:46][zurv4n] logged in via in-game ui
[21:45:55][zurv4n] executed "RESTART SERVER"
[21:47:15][zurv4n] logged in via in-game ui
[21:51:19][zurv4n] executed "RESTART SERVER"
[21:52:40][zurv4n] logged in via in-game ui
[21:55:13][zurv4n] executed "ensure "oss_water""
[22:47:52][zurv4n] executed "RESTART SERVER"
[22:48:55][zurv4n] logged in via in-game ui
[23:21:24][zurv4n] executed "RESTART SERVER"
[23:22:47][zurv4n] logged in via in-game ui
[23:29:27][zurv4n] executed "ensure "vorp_metabolism""
[23:29:53][zurv4n] executed "RESTART SERVER"
[23:33:21][zurv4n] executed "RESTART SERVER"
[23:34:25][zurv4n] logged in via in-game ui
[23:36:30][zurv4n] executed "RESTART SERVER"
[23:37:38][zurv4n] logged in via in-game ui
[23:40:00][zurv4n] executed "RESTART SERVER"
[23:41:07][zurv4n] logged in via in-game ui
[23:45:17][zurv4n] executed "RESTART SERVER"
[23:47:24][zurv4n] logged in via in-game ui
[02:00:21][SCHEDULER] Restarting server (scheduled restart at 02:00).
[10:00:36][SCHEDULER] Restarting server (scheduled restart at 10:00).
[18:00:51][SCHEDULER] Restarting server (scheduled restart at 18:00).
[22:07:33][zurv4n] logged in from 192.168.4.51 via citizenfx
[02:00:07][SCHEDULER] Restarting server (scheduled restart at 02:00).
[10:00:23][SCHEDULER] Restarting server (scheduled restart at 10:00).
[10:01:29][MONITOR] Restarting server (server failed to start within time limit - 30s after last resource started).
[18:00:37][SCHEDULER] Restarting server (scheduled restart at 18:00).
[19:57:17][zurv4n] logged in from 192.168.4.51 via citizenfx
[19:57:39][zurv4n] executed "RESTART SERVER"
[20:39:11][zurv4n] executed "RESTART SERVER"
[20:41:18][zurv4n] executed "RESTART SERVER"
[21:03:41][zurv4n] executed "RESTART SERVER"
[21:05:01][zurv4n] logged in via in-game ui
[21:14:38][zurv4n] executed "RESTART SERVER"
[21:16:09][zurv4n] logged in via in-game ui
[21:29:20][zurv4n] executed "RESTART SERVER"
[21:30:35][zurv4n] logged in via in-game ui
[21:37:21][zurv4n] executed "RESTART SERVER"
[21:39:33][zurv4n] executed "RESTART SERVER"
[21:41:34][zurv4n] logged in via in-game ui
[21:53:35][zurv4n] executed "RESTART SERVER"
[21:55:35][zurv4n] logged in via in-game ui
[22:03:23][zurv4n] executed "ensure "vorp_crafting""
[22:04:30][zurv4n] executed "ensure "vorp_crafting""
[22:06:25][zurv4n] executed "ensure "vorp_crafting""
[22:09:42][zurv4n] executed "ensure "vorp_crafting""
[22:10:48][zurv4n] executed "ensure "vorp_crafting""
[22:11:54][zurv4n] executed "ensure "vorp_crafting""
[22:13:51][zurv4n] executed "ensure "vorp_crafting""
[22:14:35][zurv4n] executed "ensure "vorp_crafting""
[22:15:32][zurv4n] executed "ensure "vorp_crafting""
[22:18:32][zurv4n] executed "ensure "vorp_crafting""
[22:19:23][zurv4n] executed "ensure "vorp_crafting""
[22:20:04][zurv4n] executed "ensure "vorp_crafting""
[22:20:44][zurv4n] executed "ensure "vorp_crafting""
[22:22:32][zurv4n] executed "ensure "vorp_crafting""
[22:23:58][zurv4n] executed "ensure "vorp_crafting""
[22:25:06][zurv4n] executed "RESTART SERVER"
[22:32:30][zurv4n] executed "ensure "vorp_metabolism""
[22:33:27][zurv4n] executed "RESTART SERVER"
[22:54:26][zurv4n] executed "ensure "trashcan""
[22:56:12][zurv4n] executed "ensure "trashcan""
[23:02:57][zurv4n] executed "ensure "trashcan""
[23:03:45][zurv4n] executed "ensure "trashcan""
[23:05:09][zurv4n] executed "RESTART SERVER"
[23:08:21][zurv4n] executed "RESTART SERVER"
[02:00:53][SCHEDULER] Restarting server (scheduled restart at 02:00).
[10:00:08][SCHEDULER] Restarting server (scheduled restart at 10:00).
[18:00:23][SCHEDULER] Restarting server (scheduled restart at 18:00).
[20:56:15][zurv4n] logged in from 192.168.4.51 via citizenfx
[20:56:21][zurv4n] executed "RESTART SERVER"
[20:59:13][zurv4n] logged in via in-game ui
[21:09:52][zurv4n] executed "RESTART SERVER"
[21:12:22][zurv4n] executed "RESTART SERVER"
[22:23:18][zurv4n] executed "RESTART SERVER"
[22:26:46][zurv4n] logged in via in-game ui
[22:39:12][zurv4n] logged in via in-game ui
[22:51:16][zurv4n] logged in via in-game ui
[23:10:23][zurv4n] executed "RESTART SERVER"
[23:11:36][zurv4n] logged in via in-game ui
[23:14:14][zurv4n] executed "RESTART SERVER"
[23:15:38][zurv4n] logged in via in-game ui
