
================================================================
======== Log Rotated - 4/7/2023, 12:00:00 AM                    
================================================================
[02:00:39][SCHEDULER] Restarting server (scheduled restart at 02:00).
[10:00:55][SCHEDULER] Restarting server (scheduled restart at 10:00).
[18:00:09][SCHEDULER] Restarting server (scheduled restart at 18:00).
[02:00:25][SCHEDULER] Restarting server (scheduled restart at 02:00).
[10:00:39][SCHEDULER] Restarting server (scheduled restart at 10:00).
[11:30:06][zurv4n] logged in from 192.168.4.51 via citizenfx
[14:56:12][zurv4n] executed "RESTART SERVER"
[14:57:15][zurv4n] logged in via in-game ui
[15:13:52][zurv4n] executed "RESTART SERVER"
[15:15:12][zurv4n] logged in via in-game ui
[15:28:20][zurv4n] executed "RESTART SERVER"
[15:29:37][zurv4n] logged in via in-game ui
[15:42:30][zurv4n] executed "RESTART SERVER"
[15:43:45][zurv4n] logged in via in-game ui
[15:45:43][zurv4n] executed "ensure "trashcan""
[15:45:57][zurv4n] executed "RESTART SERVER"
[15:47:05][zurv4n] logged in via in-game ui
[17:59:59][zurv4n] logged in via in-game ui
[18:00:54][SCHEDULER] Restarting server (scheduled restart at 18:00).
[18:01:58][zurv4n] logged in via in-game ui
[19:06:50][zurv4n] executed "RESTART SERVER"
[19:07:49][zurv4n] logged in via in-game ui
[19:16:18][zurv4n] executed "RESTART SERVER"
[19:17:37][zurv4n] logged in via in-game ui
[19:20:30][zurv4n] executed "RESTART SERVER"
[19:21:37][zurv4n] logged in via in-game ui
[19:25:04][zurv4n] executed "RESTART SERVER"
[19:26:16][zurv4n] logged in via in-game ui
[19:43:25][zurv4n] executed "RESTART SERVER"
[19:46:41][zurv4n] executed "RESTART SERVER"
[20:07:09][zurv4n] executed "RESTART SERVER"
[20:25:12][zurv4n] logged in via in-game ui
[20:46:18][zurv4n] executed "RESTART SERVER"
[20:47:29][zurv4n] logged in via in-game ui
[02:00:08][SCHEDULER] Restarting server (scheduled restart at 02:00).
[10:00:24][SCHEDULER] Restarting server (scheduled restart at 10:00).
