
================================================================
======== Log Rotated - 4/9/2023, 12:00:00 AM                    
================================================================
> txaEvent "scheduledRestart" "{＂secondsRemaining＂:1800,＂translatedMessage＂:＂This server is scheduled to restart in 30 minutes.＂}"
> txaEvent "scheduledRestart" "{＂secondsRemaining＂:900,＂translatedMessage＂:＂This server is scheduled to restart in 15 minutes.＂}"
> txaEvent "scheduledRestart" "{＂secondsRemaining＂:600,＂translatedMessage＂:＂This server is scheduled to restart in 10 minutes.＂}"
> txaEvent "scheduledRestart" "{＂secondsRemaining＂:300,＂translatedMessage＂:＂This server is scheduled to restart in 5 minutes.＂}"
> txaEvent "scheduledRestart" "{＂secondsRemaining＂:240,＂translatedMessage＂:＂This server is scheduled to restart in 4 minutes.＂}"
> txaEvent "scheduledRestart" "{＂secondsRemaining＂:180,＂translatedMessage＂:＂This server is scheduled to restart in 3 minutes.＂}"
> txaEvent "scheduledRestart" "{＂secondsRemaining＂:120,＂translatedMessage＂:＂This server is scheduled to restart in 2 minutes.＂}"
> txaEvent "scheduledRestart" "{＂secondsRemaining＂:60,＂translatedMessage＂:＂This server is scheduled to restart in 1 minute. Please disconnect now.＂}"
> txaEvent "serverShuttingDown" "{＂delay＂:5000,＂author＂:＂txAdmin＂,＂message＂:＂Server restarting (scheduled restart at 02:00).＂}"
[      script:monitor] Server shutdown imminent. Kicking all players.

================================================================
======== FXServer Starting - 4/9/2023, 2:00:15 AM               
================================================================
[    c-scripting-core] Creating script environments for _cfx_internal
[           resources] Scanning resources.
[  resources:uiprompt] Warning: uiprompt exists in more than one place (C:\rdr3\txData\Vorpcore_140E1E.base\resources\[self_install]\uiprompt is used, the duplicate is C:\rdr3\txData\Vorpcore_140E1E.base\resources\[Community]\[devtools]\uiprompt)
[           resources] Found 128 resources.
[           resources] 1 warning was encountered.
[          svadhesive] Authenticating server license key...
[          svadhesive] Server license key authentication succeeded. Welcome!
[    c-scripting-core] Creating script environments for yarn
[           resources] Started resource yarn
[    c-scripting-core] Creating script environments for sessionmanager-rdr3
[           resources] Started resource sessionmanager-rdr3
[    c-scripting-core] Creating script environments for monitor
[      script:monitor] [txAdminClient] Version 5.2.0 starting...
[           resources] Started resource monitor
[           resources] Started resource bcc-loadscreen
[    c-scripting-core] Creating script environments for bcc-loadscreen-helper
[           resources] Started resource bcc-loadscreen-helper
[    c-scripting-core] Creating script environments for mapmanager
[           resources] Started resource mapmanager
[           resources] Started resource spawnmanager
[    c-scripting-core] Creating script environments for rconlog
[           resources] Started resource rconlog
[    c-scripting-core] Creating script environments for oxmysql
[           resources] Started resource oxmysql
[   script:mapmanager] Started gametype Freeroam
[           resources] Started resource basic-gamemode
[    c-scripting-core] Creating script environments for webpack
[           resources] Started resource webpack
[    c-scripting-core] Creating script environments for chat
[           resources] Started resource chat
[   resources:menuapi] Warning: could not find file `html/js/wrapper.js` (defined in fxmanifest.lua:15)
[   resources:menuapi] Warning: could not find file `html/fonts/bankgothic.ttf` (defined in fxmanifest.lua:15)
[           resources] Started resource menuapi (2 warnings)
[    c-scripting-core] Creating script environments for weathersync
[           resources] Started resource weathersync
[           resources] Started resource interiors
[    c-scripting-core] Creating script environments for vorp_core
[           resources] Started resource vorp_core
[           resources] Started resource vorp_inputs
[    c-scripting-core] Creating script environments for vorp_progressbar
[           resources] Started resource vorp_progressbar
[    c-scripting-core] Creating script environments for vorp_character
[           resources] Started resource vorp_character
[    c-scripting-core] Creating script environments for vorp_inventory
[           resources] Started resource vorp_inventory
[    c-scripting-core] Creating script environments for vorp_utils
[           resources] Started resource vorp_utils
[    c-scripting-core] Creating script environments for vorp_admin
[           resources] Started resource vorp_admin
[    c-scripting-core] Creating script environments for vorp_metabolism
[           resources] Started resource vorp_metabolism
[    c-scripting-core] Creating script environments for vorp_barbershop
[           resources] Started resource vorp_barbershop
[    c-scripting-core] Creating script environments for vorp_hunting
[           resources] Started resource vorp_hunting
[    c-scripting-core] Creating script environments for vorp_weaponsv2
[           resources] Started resource vorp_weaponsv2
[    c-scripting-core] Creating script environments for vorp_clothingstores
[           resources] Started resource vorp_clothingstores
[    c-scripting-core] Creating script environments for vorp_stores
[           resources] Started resource vorp_stores
[    c-scripting-core] Creating script environments for vorp_fishing
[           resources] Started resource vorp_fishing
[    c-scripting-core] Creating script environments for vorp_housing
[ script:vorp_housing] Instantiated instance of script VORP.Housing.Shared.BasePluginManager.
[ script:vorp_housing] Instantiated instance of script VORP.Housing.Shared.Models.House.
[38;5;132m[ script:vorp_housing] [0mInstantiated instance of script VORP.Housing.Shared.Models.Room.
[ script:vorp_housing] Instantiated instance of script VORP.Housing.Server.HouseInventory.
[ script:vorp_housing] Instantiated instance of script VORP.Housing.Server.Init.
[ script:vorp_housing] Instantiated instance of script VORP.Housing.Server.PluginManager.
[ script:vorp_housing] Instantiated instance of script VORP.Housing.Server.Scripts.Manager.
[           resources] Started resource vorp_housing
[    c-scripting-core] Creating script environments for vorp_banking
[           resources] Started resource vorp_banking
[    c-scripting-core] Creating script environments for vorp_mailbox
[           resources] Started resource vorp_mailbox
[    c-scripting-core] Creating script environments for vorp_walkanim
[           resources] Started resource vorp_walkanim
[    c-scripting-core] Creating script environments for vorp_crafting
[           resources] Started resource vorp_crafting
[    c-scripting-core] Creating script environments for vorp_zonenotify
[           resources] Started resource vorp_zonenotify
[    c-scripting-core] Creating script environments for syn_miner_lumber
[           resources] Started resource syn_miner_lumber
[    c-scripting-core] Creating script environments for vorp_animations
[           resources] Started resource vorp_animations
[    c-scripting-core] Creating script environments for vorp_outlaws
[           resources] Started resource vorp_outlaws
[    c-scripting-core] Creating script environments for syn_bandana
[           resources] Started resource syn_bandana
[    c-scripting-core] Creating script environments for syn_cinema
[           resources] Started resource syn_cinema
[    c-scripting-core] Creating script environments for syn_horseitems
[           resources] Started resource syn_horseitems
[           resources] Started resource syn_minigame
[           resources] Started resource syn_ragdoll
[    c-scripting-core] Creating script environments for vorp_goldpanning
[           resources] Started resource vorp_goldpanning
[    c-scripting-core] Creating script environments for bb_Picking
[           resources] Started resource bb_Picking
[    c-scripting-core] Creating script environments for legacy_police
[           resources] Started resource legacy_police
[    c-scripting-core] Creating script environments for legacy_medic
[           resources] Started resource legacy_medic
[           resources] Started resource moonshine_interiors
[    c-scripting-core] Creating script environments for npcloot
[           resources] Started resource npcloot
[    c-scripting-core] Creating script environments for pma-voice
[           resources] Started resource pma-voice
[    c-scripting-core] Creating script environments for rdn_companions
[           resources] Started resource rdn_companions
[    c-scripting-core] Creating script environments for bcc_blindfold
[           resources] Started resource bcc_blindfold
[    c-scripting-core] Creating script environments for bcc-scene
[           resources] [0mStarted resource bcc-scene
[    c-scripting-core] Creating script environments for bcc_vehiclefixes
[           resources] Started resource bcc_vehiclefixes
[           resources] Started resource gum_inputs
[  resources:gum_menu] Warning: could not find file `html/js/wrapper.js` (defined in fxmanifest.lua:15)
[  resources:gum_menu] Warning: could not find file `html/fonts/bankgothic.ttf` (defined in fxmanifest.lua:15)
[           resources] Started resource gum_menu (2 warnings)
[    c-scripting-core] Creating script environments for gum_notify
[           resources] Started resource gum_notify
[           resources] Started resource gumApi
[           resources] [0mStarted resource uiprompt
[    c-scripting-core] Creating script environments for gum_stables
[           resources] Started resource gum_stables
[    c-scripting-core] Creating script environments for oss_water
[           resources] Started resource oss_water
[    c-scripting-core] Creating script environments for temperature
[           resources] Started resource temperature
[    c-scripting-core] Creating script environments for vetjob
[       script:vetjob] YOU ARE RUNNING VORP CORE VERSION!
[           resources] Started resource vetjob
[    c-scripting-core] Creating script environments for hd_farming
[38;5;83m[           resources] Started resource hd_farming
[    c-scripting-core] Creating script environments for trashcan
[           resources] Started resource trashcan
[    c-scripting-core] Creating script environments for xakra_pocketwatch
[           resources] Started resource xakra_pocketwatch
[           resources] Started resource ability_card
[    c-scripting-core] Creating script environments for xakra_scenarios
[           resources] Started resource xakra_scenarios
[    c-scripting-core] Creating script environments for twh_searchProps
[           resources] Started resource twh_searchProps
[    c-scripting-core] Creating script environments for me_scenes
[           resources] Started resource me_scenes
[           resources] Started resource law_anims
[38;5;171m[                 cmd] No such command xakra_steal.
[           resources] Started resource crp_wheel
[                 cmd] No such command ensire.
[      script:monitor] [txAdminClient] Threads and commands set up. All Ready.
[   script:mapmanager] Started map redm-map-one
[           resources] Started resource redm-map-one
[     script:trashcan] Current Hour: 02
[      script:oxmysql] Database server connection established!
[      script:oxmysql] An update is available for oxmysql (current version: 2.5.4)
[      script:oxmysql] https://github.com/overextended/oxmysql/releases/tag/v2.6.0
[ citizen-server-impl]         fff                          
[ citizen-server-impl]   cccc ff   xx  xx     rr rr    eee  
[ citizen-server-impl] cc     ffff   xx       rrr  r ee   e 
[ citizen-server-impl] cc     ff     xx   ... rr     eeeee  
[ citizen-server-impl]  ccccc ff   xx  xx ... rr      eeeee 
[ citizen-server-impl]                                      
[ citizen-server-impl] Authenticated with cfx.re Nucleus: https://zurv4n-kadby6.users.cfx.re/
[    script:vorp_core] ###############################################################################
[    script:vorp_core] 
[    script:vorp_core] ----- #RedM ----------------------------------------------------------------------
[    script:vorp_core]  /##    /##  /######  /#######  /#######   /######   /######  /#######  /########
[    script:vorp_core] | ##   | ## /##__  ##| ##__  ##| ##__  ## /##__  ## /##__  ##| ##__  ##| ##_____/
[    script:vorp_core] | ##   | ##| ##  | ##| ##  | ##| ##  | ##| ##  |__/| ##  | ##| ##  | ##| ##      
[    script:vorp_core] |  ## / ##/| ##  | ##| #######/| #######/| ##      | ##  | ##| #######/| #####   
[    script:vorp_core]  |  ## ##/ | ##  | ##| ##__  ##| ##____/ | ##      | ##  | ##| ##__  ##| ##__/   
[    script:vorp_core]   |  ###/  | ##  | ##| ##  | ##| ##      | ##    ##| ##  | ##| ##  | ##| ##      
[    script:vorp_core]    |  #/   |  ######/| ##  | ##| ##      |  ######/|  ######/| ##  | ##| ########
[    script:vorp_core]     |_/     |______/ |__/  |__/|__/       |______/  |______/ |__/  |__/|________/
[    script:vorp_core] ----------------------------------------------------VORPcore Framework Lua -----
[    script:vorp_core] 
[    script:vorp_core] VORPcore Version check 
[    script:vorp_core] Resources found
[    script:vorp_core] 
[    script:vorp_core] 
[    script:vorp_core] ###############################################################################
[    script:vorp_core] Resource version Check (vorp_banking) ✅ Up to date - Version 1.4
[    script:vorp_core] 
[    script:vorp_core] Resource version Check (vorp_hunting) ✅ Up to date - Version 1.0.4
[    script:vorp_core] 
[    script:vorp_core] Resource version Check (vorp_barbershop) ✅ Up to date - Version 1.0
[    script:vorp_core] 
[    script:vorp_core] Resource version Check (vorp_admin) ✅ Up to date - Version 2.0
[    script:vorp_core] 
[    script:vorp_core] Resource version Check (vorp_inventory) ✅ Up to date - Version 2.5
[    script:vorp_core] 
[    script:vorp_core] Resource version Check (vorp_clothingstores) ✅ Up to date - Version 1.1
[    script:vorp_core] 
[    script:vorp_core] Resource version Check (vorp_crafting) ✅ Up to date - Version 1.6
[    script:vorp_core] 
[    script:vorp_core] Resource version Check (vorp_fishing) ✅ Up to date - Version 1.1
[    script:vorp_core] 
[    script:vorp_core] Resource version Check (vorp_mailbox) ✅ Up to date - Version 1.0
[    script:vorp_core] 
[    script:vorp_core] Resource version Check (vorp_metabolism) ✅ Up to date - Version 1.1
[    script:vorp_core] 
[    script:vorp_core] Resource version Check (vorp_outlaws) ✅ Up to date - Version 1.0
[    script:vorp_core] 
[    script:vorp_core] Resource version Check (vorp_progressbar) ✅ Up to date - Version 1.1
[    script:vorp_core] 
[    script:vorp_core] Resource version Check (vorp_stores) ✅ Up to date - Version 1.6
[    script:vorp_core] 
[    script:vorp_core] Resource version Check (vorp_utils) ✅ Up to date - Version 1.1.0
[    script:vorp_core] 
[    script:vorp_core] Resource version Check (vorp_walkanim) ✅ Up to date - Version 1.2
[    script:vorp_core] 
[    script:vorp_core] Resource version Check (vorp_weaponsv2) ✅ Up to date - Version 2.1
[    script:vorp_core] 
[    script:vorp_core] Resource version Check (vorp_zonenotify) ✅ Up to date - Version 1.0
[    script:vorp_core] 
[    script:vorp_core] Resource version Check (vorp_character) ✅ Up to date - Version 1.0
[    script:vorp_core] 
[    script:vorp_core] Resource version Check (vorp_core) ✅ Up to date - Version 2.2
[    script:vorp_core] 
[    script:vorp_core] Resource version Check (vorp_inputs) ✅ Up to date - Version 1.2
[    script:vorp_core] 
[    script:vorp_core] 
[    script:vorp_core] VORPcore Database Auto Updater 
[    script:vorp_core] 
[    script:vorp_core] Database Auto Updater (MariaDB)✅ Database is up to date
[    script:vorp_core] ###############################################################################
[script:vorp_metaboli] Metabolism: Loading 17 items usables
[ citizen-server-impl] Server list query returned an error: System.Threading.Tasks.TaskCanceledException: A task was canceled. <- System.TimeoutException: A task was canceled. <- System.Threading.Tasks.TaskCanceledException: The request was canceled due to the configured HttpClient.Timeout of 30 seconds elapsing.
> txaEvent "scheduledRestart" "{＂secondsRemaining＂:1800,＂translatedMessage＂:＂This server is scheduled to restart in 30 minutes.＂}"
> txaEvent "scheduledRestart" "{＂secondsRemaining＂:900,＂translatedMessage＂:＂This server is scheduled to restart in 15 minutes.＂}"
> txaEvent "scheduledRestart" "{＂secondsRemaining＂:600,＂translatedMessage＂:＂This server is scheduled to restart in 10 minutes.＂}"
> txaEvent "scheduledRestart" "{＂secondsRemaining＂:300,＂translatedMessage＂:＂This server is scheduled to restart in 5 minutes.＂}"
> txaEvent "scheduledRestart" "{＂secondsRemaining＂:240,＂translatedMessage＂:＂This server is scheduled to restart in 4 minutes.＂}"
> txaEvent "scheduledRestart" "{＂secondsRemaining＂:180,＂translatedMessage＂:＂This server is scheduled to restart in 3 minutes.＂}"
> txaEvent "scheduledRestart" "{＂secondsRemaining＂:120,＂translatedMessage＂:＂This server is scheduled to restart in 2 minutes.＂}"
> txaEvent "scheduledRestart" "{＂secondsRemaining＂:60,＂translatedMessage＂:＂This server is scheduled to restart in 1 minute. Please disconnect now.＂}"
> txaEvent "serverShuttingDown" "{＂delay＂:5000,＂author＂:＂txAdmin＂,＂message＂:＂Server restarting (scheduled restart at 10:00).＂}"
[      script:monitor] Server shutdown imminent. Kicking all players.

================================================================
======== FXServer Starting - 4/9/2023, 10:00:30 AM              
================================================================
[    c-scripting-core] Creating script environments for _cfx_internal
[           resources] Scanning resources.
[  resources:uiprompt] Warning: uiprompt exists in more than one place (C:\rdr3\txData\Vorpcore_140E1E.base\resources\[self_install]\uiprompt is used, the duplicate is C:\rdr3\txData\Vorpcore_140E1E.base\resources\[Community]\[devtools]\uiprompt)
[           resources] Found 128 resources.
[           resources] 1 warning was encountered.
[          svadhesive] Authenticating server license key...
[          svadhesive] Server license key authentication succeeded. Welcome!
[    c-scripting-core] [0mCreating script environments for yarn
[           resources] Started resource yarn
[    c-scripting-core] Creating script environments for sessionmanager-rdr3
[           resources] Started resource sessionmanager-rdr3
[    c-scripting-core] Creating script environments for monitor
[      script:monitor] [txAdminClient] Version 5.2.0 starting...
[           resources] Started resource monitor
[           resources] Started resource bcc-loadscreen
[    c-scripting-core] Creating script environments for bcc-loadscreen-helper
[           resources] Started resource bcc-loadscreen-helper
[    c-scripting-core] Creating script environments for mapmanager
[           resources] Started resource mapmanager
[           resources] Started resource spawnmanager
[    c-scripting-core] Creating script environments for rconlog
[           resources] Started resource rconlog
[    c-scripting-core] Creating script environments for oxmysql
[           resources] Started resource oxmysql
[   script:mapmanager] Started gametype Freeroam
[           resources] Started resource basic-gamemode
[    c-scripting-core] Creating script environments for webpack
[           resources] Started resource webpack
[    c-scripting-core] Creating script environments for chat
[           resources] Started resource chat
[   resources:menuapi] Warning: could not find file `html/js/wrapper.js` (defined in fxmanifest.lua:15)
[   resources:menuapi] Warning: could not find file `html/fonts/bankgothic.ttf` (defined in fxmanifest.lua:15)
[           resources] Started resource menuapi (2 warnings)
[    c-scripting-core] Creating script environments for weathersync
[           resources] Started resource weathersync
[           resources] Started resource interiors
[    c-scripting-core] Creating script environments for vorp_core
[           resources] Started resource vorp_core
[           resources] Started resource vorp_inputs
[    c-scripting-core] [0mCreating script environments for vorp_progressbar
[38;5;83m[           resources] Started resource vorp_progressbar
[    c-scripting-core] Creating script environments for vorp_character
[           resources] Started resource vorp_character
[    c-scripting-core] Creating script environments for vorp_inventory
[           resources] Started resource vorp_inventory
[    c-scripting-core] Creating script environments for vorp_utils
[           resources] Started resource vorp_utils
[38;5;161m[    c-scripting-core] Creating script environments for vorp_admin
[           resources] Started resource vorp_admin
[    c-scripting-core] Creating script environments for vorp_metabolism
[           resources] Started resource vorp_metabolism
[    c-scripting-core] Creating script environments for vorp_barbershop
[           resources] Started resource vorp_barbershop
[    c-scripting-core] Creating script environments for vorp_hunting
[           resources] Started resource vorp_hunting
[    c-scripting-core] Creating script environments for vorp_weaponsv2
[           resources] Started resource vorp_weaponsv2
[    c-scripting-core] Creating script environments for vorp_clothingstores
[           resources] Started resource vorp_clothingstores
[    c-scripting-core] Creating script environments for vorp_stores
[           resources] Started resource vorp_stores
[    c-scripting-core] Creating script environments for vorp_fishing
[           resources] Started resource vorp_fishing
[    c-scripting-core] Creating script environments for vorp_housing
[ script:vorp_housing] Instantiated instance of script VORP.Housing.Shared.BasePluginManager.
[ script:vorp_housing] Instantiated instance of script VORP.Housing.Shared.Models.House.
[ script:vorp_housing] Instantiated instance of script VORP.Housing.Shared.Models.Room.
[ script:vorp_housing] Instantiated instance of script VORP.Housing.Server.HouseInventory.
[ script:vorp_housing] Instantiated instance of script VORP.Housing.Server.Init.
[ script:vorp_housing] Instantiated instance of script VORP.Housing.Server.PluginManager.
[ script:vorp_housing] Instantiated instance of script VORP.Housing.Server.Scripts.Manager.
[           resources] Started resource vorp_housing
[    c-scripting-core] Creating script environments for vorp_banking
[           resources] Started resource vorp_banking
[    c-scripting-core] Creating script environments for vorp_mailbox
[           resources] Started resource vorp_mailbox
[    c-scripting-core] Creating script environments for vorp_walkanim
[           resources] Started resource vorp_walkanim
[    c-scripting-core] Creating script environments for vorp_crafting
[           resources] Started resource vorp_crafting
[    c-scripting-core] Creating script environments for vorp_zonenotify
[           resources] Started resource vorp_zonenotify
[    c-scripting-core] Creating script environments for syn_miner_lumber
[           resources] Started resource syn_miner_lumber
[    c-scripting-core] Creating script environments for vorp_animations
[           resources] Started resource vorp_animations
[    c-scripting-core] Creating script environments for vorp_outlaws
[           resources] Started resource vorp_outlaws
[    c-scripting-core] Creating script environments for syn_bandana
[           resources] Started resource syn_bandana
[    c-scripting-core] Creating script environments for syn_cinema
[           resources] [0mStarted resource syn_cinema
[    c-scripting-core] Creating script environments for syn_horseitems
[           resources] Started resource syn_horseitems
[           resources] Started resource syn_minigame
[           resources] Started resource syn_ragdoll
[    c-scripting-core] Creating script environments for vorp_goldpanning
[           resources] Started resource vorp_goldpanning
[    c-scripting-core] Creating script environments for bb_Picking
[           resources] Started resource bb_Picking
[    c-scripting-core] Creating script environments for legacy_police
[           resources] Started resource legacy_police
[    c-scripting-core] Creating script environments for legacy_medic
[           resources] Started resource legacy_medic
[           resources] Started resource moonshine_interiors
[    c-scripting-core] Creating script environments for npcloot
[38;5;83m[           resources] Started resource npcloot
[    c-scripting-core] Creating script environments for pma-voice
[           resources] Started resource pma-voice
[    c-scripting-core] Creating script environments for rdn_companions
[           resources] Started resource rdn_companions
[    c-scripting-core] Creating script environments for bcc_blindfold
[           resources] Started resource bcc_blindfold
[    c-scripting-core] [0mCreating script environments for bcc-scene
[           resources] Started resource bcc-scene
[    c-scripting-core] Creating script environments for bcc_vehiclefixes
[           resources] Started resource bcc_vehiclefixes
[           resources] Started resource gum_inputs
[  resources:gum_menu] Warning: could not find file `html/js/wrapper.js` (defined in fxmanifest.lua:15)
[  resources:gum_menu] Warning: could not find file `html/fonts/bankgothic.ttf` (defined in fxmanifest.lua:15)
[           resources] Started resource gum_menu (2 warnings)
[    c-scripting-core] Creating script environments for gum_notify
[           resources] Started resource gum_notify
[           resources] Started resource gumApi
[           resources] Started resource uiprompt
[    c-scripting-core] Creating script environments for gum_stables
[           resources] [0mStarted resource gum_stables
[    c-scripting-core] Creating script environments for oss_water
[           resources] Started resource oss_water
[    c-scripting-core] Creating script environments for temperature
[           resources] [0mStarted resource temperature
[    c-scripting-core] [0mCreating script environments for vetjob
[       script:vetjob] YOU ARE RUNNING VORP CORE VERSION!
[           resources] Started resource vetjob
[    c-scripting-core] Creating script environments for hd_farming
[           resources] Started resource hd_farming
[    c-scripting-core] [0mCreating script environments for trashcan
[           resources] Started resource trashcan
[    c-scripting-core] Creating script environments for xakra_pocketwatch
[           resources] Started resource xakra_pocketwatch
[           resources] Started resource ability_card
[    c-scripting-core] Creating script environments for xakra_scenarios
[           resources] Started resource xakra_scenarios
[    c-scripting-core] Creating script environments for twh_searchProps
[           resources] Started resource twh_searchProps
[    c-scripting-core] Creating script environments for me_scenes
[           resources] Started resource me_scenes
[           resources] Started resource law_anims
[                 cmd] No such command xakra_steal.
[           resources] [0mStarted resource crp_wheel
[                 cmd] No such command ensire.
[      script:monitor] [txAdminClient] Threads and commands set up. All Ready.
[   script:mapmanager] [97mStarted map redm-map-one
[           resources] Started resource redm-map-one
[     script:trashcan] Current Hour: 10
[     script:trashcan] clearing trashcans
[      script:oxmysql] Database server connection established![97m
[      script:oxmysql] An update is available for oxmysql (current version: 2.5.4)
[      script:oxmysql] https://github.com/overextended/oxmysql/releases/tag/v2.6.0
[     script:trashcan] table: 000001BE2D4D4680
[     script:trashcan] Trashcan cleared:trashcan_bw_1
[     script:trashcan] table: 000001BE2D4D4D80
[     script:trashcan] Trashcan cleared:trashcan_sd_1
[     script:trashcan] [97mtable: 000001BE2D4D5480
[     script:trashcan] Trashcan cleared:trashcan_rd_1
[     script:trashcan] table: 000001BE2D4D5B80
[     script:trashcan] Trashcan cleared:trashcan_val_2
[     script:trashcan] table: 000001BE2D4D6280
[     script:trashcan] Trashcan cleared:trashcan_rd_2
[     script:trashcan] table: 000001BE2D4D7A80
[     script:trashcan] Trashcan cleared:trashcan_an_1
[     script:trashcan] table: 000001BE2D4D8180
[     script:trashcan] Trashcan cleared:trashcan_sd_6
[     script:trashcan] table: 000001BE2D4D8880
[     script:trashcan] Trashcan cleared:trashcan_sd_5
[     script:trashcan] table: 000001BE2D4D8F80
[     script:trashcan] Trashcan cleared:trashcan_sd_2
[     script:trashcan] table: 000001BE2D4D9680
[     script:trashcan] Trashcan cleared:trashcan_val_1
[     script:trashcan] table: 000001BE2D4D9D80
[     script:trashcan] Trashcan cleared:trashcan_bw_2
[     script:trashcan] table: 000001BE2D4DA480
[     script:trashcan] Trashcan cleared:trashcan_sd_4
[     script:trashcan] table: 000001BE2D4DAB80
[     script:trashcan] Trashcan cleared:trashcan_sd_3
[     script:trashcan] table: 000001BE2D4DB280
[     script:trashcan] Trashcan cleared:trashcan_an_2
[ citizen-server-impl]         fff                          
[ citizen-server-impl] [91m  cccc ff   xx  xx     rr rr    eee  
[ citizen-server-impl] cc     ffff   xx       rrr  r ee   e 
[ citizen-server-impl] cc     ff     xx   ... rr     eeeee  
[ citizen-server-impl]  ccccc ff   xx  xx ... rr      eeeee 
[ citizen-server-impl]                                      
[ citizen-server-impl] Authenticated with cfx.re Nucleus: https://zurv4n-kadby6.users.cfx.re/
[    script:vorp_core] ###############################################################################
[    script:vorp_core] 
[    script:vorp_core] ----- #RedM ----------------------------------------------------------------------
[    script:vorp_core]  /##    /##  /######  /#######  /#######   /######   /######  /#######  /########
[    script:vorp_core] | ##   | ## /##__  ##| ##__  ##| ##__  ## /##__  ## /##__  ##| ##__  ##| ##_____/
[    script:vorp_core] | ##   | ##| ##  | ##| ##  | ##| ##  | ##| ##  |__/| ##  | ##| ##  | ##| ##      
[    script:vorp_core] |  ## / ##/| ##  | ##| #######/| #######/| ##      | ##  | ##| #######/| #####   
[    script:vorp_core]  |  ## ##/ | ##  | ##| ##__  ##| ##____/ | ##      | ##  | ##| ##__  ##| ##__/   
[    script:vorp_core]   |  ###/  | ##  | ##| ##  | ##| ##      | ##    ##| ##  | ##| ##  | ##| ##      
[    script:vorp_core]    |  #/   |  ######/| ##  | ##| ##      |  ######/|  ######/| ##  | ##| ########
[    script:vorp_core]     |_/     |______/ |__/  |__/|__/       |______/  |______/ |__/  |__/|________/
[    script:vorp_core] ----------------------------------------------------VORPcore Framework Lua -----
[    script:vorp_core] 
[    script:vorp_core] VORPcore Version check 
[    script:vorp_core] Resources found
[    script:vorp_core] 
[    script:vorp_core] 
[    script:vorp_core] ###############################################################################
[    script:vorp_core] Resource version Check (vorp_banking) ✅ Up to date - Version 1.4
[    script:vorp_core] 
[    script:vorp_core] Resource version Check (vorp_hunting) ✅ Up to date - Version 1.0.4
[    script:vorp_core] 
[    script:vorp_core] Resource version Check (vorp_barbershop) ✅ Up to date - Version 1.0
[    script:vorp_core] 
[    script:vorp_core] Resource version Check (vorp_admin) ✅ Up to date - Version 2.0
[    script:vorp_core] 
[    script:vorp_core] Resource version Check (vorp_inventory) ✅ Up to date - Version 2.5
[    script:vorp_core] 
[    script:vorp_core] Resource version Check (vorp_clothingstores) ✅ Up to date - Version 1.1
[    script:vorp_core] 
[    script:vorp_core] Resource version Check (vorp_crafting) ✅ Up to date - Version 1.6
[    script:vorp_core] 
[    script:vorp_core] Resource version Check (vorp_fishing) ✅ Up to date - Version 1.1
[    script:vorp_core] 
[    script:vorp_core] Resource version Check (vorp_mailbox) ✅ Up to date - Version 1.0
[    script:vorp_core] 
[    script:vorp_core] Resource version Check (vorp_metabolism) ✅ Up to date - Version 1.1
[    script:vorp_core] 
[    script:vorp_core] Resource version Check (vorp_outlaws) ✅ Up to date - Version 1.0
[    script:vorp_core] 
[    script:vorp_core] Resource version Check (vorp_progressbar) ✅ Up to date - Version 1.1
[    script:vorp_core] 
[    script:vorp_core] Resource version Check (vorp_stores) ✅ Up to date - Version 1.6
[    script:vorp_core] 
[    script:vorp_core] Resource version Check (vorp_utils) ✅ Up to date - Version 1.1.0
[    script:vorp_core] 
[    script:vorp_core] Resource version Check (vorp_walkanim) ✅ Up to date - Version 1.2
[    script:vorp_core] 
[    script:vorp_core] Resource version Check (vorp_weaponsv2) ✅ Up to date - Version 2.1
[    script:vorp_core] 
[    script:vorp_core] Resource version Check (vorp_zonenotify) ✅ Up to date - Version 1.0
[    script:vorp_core] 
[    script:vorp_core] Resource version Check (vorp_character) ✅ Up to date - Version 1.0
[    script:vorp_core] 
[    script:vorp_core] Resource version Check (vorp_core) ✅ Up to date - Version 2.2
[    script:vorp_core] 
[    script:vorp_core] Resource version Check (vorp_inputs) ✅ Up to date - Version 1.2
[    script:vorp_core] 
[    script:vorp_core] 
[    script:vorp_core] VORPcore Database Auto Updater 
[    script:vorp_core] 
[    script:vorp_core] [94mDatabase Auto Updater [93m(MariaDB)✅ Database is up to date
[    script:vorp_core] ###############################################################################
[38;5;110m[script:vorp_metaboli] Metabolism: Loading 17 items usables
