
================================================================
======== Log Rotated - 4/5/2023, 12:00:00 AM                    
================================================================
[1:30:06 AM] txAdmin: ((Broadcast) txAdmin): said "This server is scheduled to restart in 30 minutes."
[1:45:07 AM] txAdmin: ((Broadcast) txAdmin): said "This server is scheduled to restart in 15 minutes."
[1:50:07 AM] txAdmin: ((Broadcast) txAdmin): said "This server is scheduled to restart in 10 minutes."
[1:55:08 AM] txAdmin: ((Broadcast) txAdmin): said "This server is scheduled to restart in 5 minutes."
[1:56:08 AM] txAdmin: ((Broadcast) txAdmin): said "This server is scheduled to restart in 4 minutes."
[1:57:08 AM] txAdmin: ((Broadcast) txAdmin): said "This server is scheduled to restart in 3 minutes."
[1:58:08 AM] txAdmin: ((Broadcast) txAdmin): said "This server is scheduled to restart in 2 minutes."
[1:59:07 AM] txAdmin: ((Broadcast) txAdmin): said "This server is scheduled to restart in 1 minute. Please disconnect now."
[2:00:17 AM] txAdmin: Logger started
[9:30:23 AM] txAdmin: ((Broadcast) txAdmin): said "This server is scheduled to restart in 30 minutes."
[9:45:23 AM] txAdmin: ((Broadcast) txAdmin): said "This server is scheduled to restart in 15 minutes."
[9:50:23 AM] txAdmin: ((Broadcast) txAdmin): said "This server is scheduled to restart in 10 minutes."
[9:55:23 AM] txAdmin: ((Broadcast) txAdmin): said "This server is scheduled to restart in 5 minutes."
[9:56:23 AM] txAdmin: ((Broadcast) txAdmin): said "This server is scheduled to restart in 4 minutes."
[9:57:23 AM] txAdmin: ((Broadcast) txAdmin): said "This server is scheduled to restart in 3 minutes."
[9:58:23 AM] txAdmin: ((Broadcast) txAdmin): said "This server is scheduled to restart in 2 minutes."
[9:59:24 AM] txAdmin: ((Broadcast) txAdmin): said "This server is scheduled to restart in 1 minute. Please disconnect now."
[10:01:45 AM] txAdmin: Logger started
[5:30:37 PM] txAdmin: ((Broadcast) txAdmin): said "This server is scheduled to restart in 30 minutes."
[5:45:38 PM] txAdmin: ((Broadcast) txAdmin): said "This server is scheduled to restart in 15 minutes."
[5:50:37 PM] txAdmin: ((Broadcast) txAdmin): said "This server is scheduled to restart in 10 minutes."
[5:55:38 PM] txAdmin: ((Broadcast) txAdmin): said "This server is scheduled to restart in 5 minutes."
[5:56:38 PM] txAdmin: ((Broadcast) txAdmin): said "This server is scheduled to restart in 4 minutes."
[5:57:38 PM] txAdmin: ((Broadcast) txAdmin): said "This server is scheduled to restart in 3 minutes."
[5:58:38 PM] txAdmin: ((Broadcast) txAdmin): said "This server is scheduled to restart in 2 minutes."
[5:59:38 PM] txAdmin: ((Broadcast) txAdmin): said "This server is scheduled to restart in 1 minute. Please disconnect now."
[6:00:55 PM] txAdmin: Logger started
[7:38:29 PM] [YgUag#1] Colt Johnson: joined with identifiers [steam:110000114e4c691; license:7c3b72c565602fb4da21dd19ec61cf7449542f8d; discord:363870235951890432; fivem:7033391; license2:7c3b72c565602fb4da21dd19ec61cf7449542f8d]
[7:57:05 PM] [YgUag#1] Colt Johnson: disconnected (Disconnected.)
[7:57:49 PM] txAdmin: Logger started
[7:58:36 PM] [Cdtgd#1] Colt Johnson: joined with identifiers [steam:110000114e4c691; license:7c3b72c565602fb4da21dd19ec61cf7449542f8d; discord:363870235951890432; fivem:7033391; license2:7c3b72c565602fb4da21dd19ec61cf7449542f8d]
[8:10:32 PM] [Cdtgd#1] Colt Johnson: disconnected (Exiting)
[8:39:22 PM] txAdmin: Logger started
[8:41:28 PM] txAdmin: Logger started
[9:03:50 PM] txAdmin: Logger started
[9:04:19 PM] [x7RcN#1] zurv4n: joined with identifiers [steam:1100001060850f9; license:692a52f428526e7580edff20bbd972346e57aca3; discord:425005152727072768; fivem:6896593; license2:692a52f428526e7580edff20bbd972346e57aca3]
[9:05:47 PM] [x7RcN#2] Colt Johnson: joined with identifiers [steam:110000114e4c691; license:7c3b72c565602fb4da21dd19ec61cf7449542f8d; discord:363870235951890432; fivem:7033391; license2:7c3b72c565602fb4da21dd19ec61cf7449542f8d]
[9:14:30 PM] [x7RcN#1] zurv4n: disconnected (Exiting)
[9:14:33 PM] [x7RcN#2] Colt Johnson: disconnected (Disconnected.)
[9:14:48 PM] txAdmin: Logger started
[9:15:24 PM] [6PTWN#1] Colt Johnson: joined with identifiers [steam:110000114e4c691; license:7c3b72c565602fb4da21dd19ec61cf7449542f8d; discord:363870235951890432; fivem:7033391; license2:7c3b72c565602fb4da21dd19ec61cf7449542f8d]
[9:15:26 PM] [6PTWN#2] zurv4n: joined with identifiers [steam:1100001060850f9; license:692a52f428526e7580edff20bbd972346e57aca3; discord:425005152727072768; fivem:6896593; license2:692a52f428526e7580edff20bbd972346e57aca3]
[9:15:39 PM] [6PTWN#1] Colt Johnson: disconnected (Game crashed: adhesive.dll+2B33E0)
[9:16:24 PM] [6PTWN#3] Colt Johnson: joined with identifiers [steam:110000114e4c691; license:7c3b72c565602fb4da21dd19ec61cf7449542f8d; discord:363870235951890432; fivem:7033391; license2:7c3b72c565602fb4da21dd19ec61cf7449542f8d]
[9:17:43 PM] [6PTWN#3] Colt Johnson: died from suicide (Falling)
[9:19:16 PM] [6PTWN#3] Colt Johnson: died from suicide (Falling)
[9:29:13 PM] [6PTWN#2] zurv4n: disconnected (Exiting)
[9:29:14 PM] [6PTWN#3] Colt Johnson: disconnected (Disconnected.)
[9:29:30 PM] txAdmin: Logger started
[9:29:49 PM] [HgAkA#1] Colt Johnson: joined with identifiers [steam:110000114e4c691; license:7c3b72c565602fb4da21dd19ec61cf7449542f8d; discord:363870235951890432; fivem:7033391; license2:7c3b72c565602fb4da21dd19ec61cf7449542f8d]
[9:29:53 PM] [HgAkA#2] zurv4n: joined with identifiers [steam:1100001060850f9; license:692a52f428526e7580edff20bbd972346e57aca3; discord:425005152727072768; fivem:6896593; license2:692a52f428526e7580edff20bbd972346e57aca3]
[9:37:15 PM] [HgAkA#2] zurv4n: disconnected (Disconnected.)
[9:37:16 PM] [HgAkA#1] Colt Johnson: disconnected (Disconnected.)
[9:37:31 PM] txAdmin: Logger started
[9:37:50 PM] [CtDT6#1] Colt Johnson: joined with identifiers [steam:110000114e4c691; license:7c3b72c565602fb4da21dd19ec61cf7449542f8d; discord:363870235951890432; fivem:7033391; license2:7c3b72c565602fb4da21dd19ec61cf7449542f8d]
[9:38:26 PM] [CtDT6#2] zurv4n: joined with identifiers [steam:1100001060850f9; license:692a52f428526e7580edff20bbd972346e57aca3; discord:425005152727072768; fivem:6896593; license2:692a52f428526e7580edff20bbd972346e57aca3]
[9:38:46 PM] [CtDT6#2] zurv4n: disconnected (Disconnected.)
[9:39:09 PM] [CtDT6#1] Colt Johnson: disconnected (Disconnected.)
[9:39:42 PM] txAdmin: Logger started
[9:40:21 PM] [dB4yz#1] Colt Johnson: joined with identifiers [steam:110000114e4c691; license:7c3b72c565602fb4da21dd19ec61cf7449542f8d; discord:363870235951890432; fivem:7033391; license2:7c3b72c565602fb4da21dd19ec61cf7449542f8d]
[9:41:21 PM] [dB4yz#2] zurv4n: joined with identifiers [steam:1100001060850f9; license:692a52f428526e7580edff20bbd972346e57aca3; discord:425005152727072768; fivem:6896593; license2:692a52f428526e7580edff20bbd972346e57aca3]
[9:46:25 PM] [dB4yz#1] Colt Johnson: disconnected (Disconnected.)
[9:53:26 PM] [dB4yz#2] zurv4n: disconnected (Disconnected.)
[9:53:45 PM] txAdmin: Logger started
[9:54:51 PM] [6edRe#1] Colt Johnson: joined with identifiers [steam:110000114e4c691; license:7c3b72c565602fb4da21dd19ec61cf7449542f8d; discord:363870235951890432; fivem:7033391; license2:7c3b72c565602fb4da21dd19ec61cf7449542f8d]
[9:55:26 PM] [6edRe#2] zurv4n: joined with identifiers [steam:1100001060850f9; license:692a52f428526e7580edff20bbd972346e57aca3; discord:425005152727072768; fivem:6896593; license2:692a52f428526e7580edff20bbd972346e57aca3]
[9:55:42 PM] [6edRe#1] Colt Johnson: disconnected (Game crashed: RAGE error: ERR_GFX_STATE)
[9:57:42 PM] [6edRe#2] zurv4n: disconnected (Exiting)
[10:01:30 PM] [6edRe#3] Colt Johnson: joined with identifiers [steam:110000114e4c691; license:7c3b72c565602fb4da21dd19ec61cf7449542f8d; discord:363870235951890432; fivem:7033391; license2:7c3b72c565602fb4da21dd19ec61cf7449542f8d]
[10:25:01 PM] [6edRe#3] Colt Johnson: disconnected (Exiting)
[10:25:16 PM] txAdmin: Logger started
[10:27:03 PM] [P9Kbd#1] Colt Johnson: joined with identifiers [steam:110000114e4c691; license:7c3b72c565602fb4da21dd19ec61cf7449542f8d; discord:363870235951890432; fivem:7033391; license2:7c3b72c565602fb4da21dd19ec61cf7449542f8d]
[10:33:23 PM] [P9Kbd#1] Colt Johnson: disconnected (Exiting)
[10:33:36 PM] txAdmin: Logger started
[10:33:45 PM] [B6Qw7#1] Colt Johnson: joined with identifiers [steam:110000114e4c691; license:7c3b72c565602fb4da21dd19ec61cf7449542f8d; discord:363870235951890432; fivem:7033391; license2:7c3b72c565602fb4da21dd19ec61cf7449542f8d]
[11:04:58 PM] [B6Qw7#1] Colt Johnson: disconnected (Disconnected.)
[11:05:18 PM] txAdmin: Logger started
[11:06:11 PM] [nHbD3#1] Colt Johnson: joined with identifiers [steam:110000114e4c691; license:7c3b72c565602fb4da21dd19ec61cf7449542f8d; discord:363870235951890432; fivem:7033391; license2:7c3b72c565602fb4da21dd19ec61cf7449542f8d]
[11:08:18 PM] [nHbD3#1] Colt Johnson: disconnected (Disconnected.)
[11:08:30 PM] txAdmin: Logger started
[11:09:28 PM] [KAiaY#1] Colt Johnson: joined with identifiers [steam:110000114e4c691; license:7c3b72c565602fb4da21dd19ec61cf7449542f8d; discord:363870235951890432; fivem:7033391; license2:7c3b72c565602fb4da21dd19ec61cf7449542f8d]
[11:15:10 PM] [KAiaY#1] Colt Johnson: disconnected (Exiting)
