
================================================================
======== Log Rotated - 4/2/2023, 12:00:00 AM                    
================================================================
[1:30:52 AM] txAdmin: ((Broadcast) txAdmin): said "This server is scheduled to restart in 30 minutes."
[1:45:52 AM] txAdmin: ((Broadcast) txAdmin): said "This server is scheduled to restart in 15 minutes."
[1:50:53 AM] txAdmin: ((Broadcast) txAdmin): said "This server is scheduled to restart in 10 minutes."
[1:55:53 AM] txAdmin: ((Broadcast) txAdmin): said "This server is scheduled to restart in 5 minutes."
[1:56:53 AM] txAdmin: ((Broadcast) txAdmin): said "This server is scheduled to restart in 4 minutes."
[1:57:53 AM] txAdmin: ((Broadcast) txAdmin): said "This server is scheduled to restart in 3 minutes."
[1:58:53 AM] txAdmin: ((Broadcast) txAdmin): said "This server is scheduled to restart in 2 minutes."
[1:59:53 AM] txAdmin: ((Broadcast) txAdmin): said "This server is scheduled to restart in 1 minute. Please disconnect now."
[2:01:02 AM] txAdmin: Logger started
[9:30:07 AM] txAdmin: ((Broadcast) txAdmin): said "This server is scheduled to restart in 30 minutes."
[9:45:08 AM] txAdmin: ((Broadcast) txAdmin): said "This server is scheduled to restart in 15 minutes."
[9:50:08 AM] txAdmin: ((Broadcast) txAdmin): said "This server is scheduled to restart in 10 minutes."
[9:55:09 AM] txAdmin: ((Broadcast) txAdmin): said "This server is scheduled to restart in 5 minutes."
[9:56:08 AM] txAdmin: ((Broadcast) txAdmin): said "This server is scheduled to restart in 4 minutes."
[9:57:08 AM] txAdmin: ((Broadcast) txAdmin): said "This server is scheduled to restart in 3 minutes."
[9:58:09 AM] txAdmin: ((Broadcast) txAdmin): said "This server is scheduled to restart in 2 minutes."
[9:59:08 AM] txAdmin: ((Broadcast) txAdmin): said "This server is scheduled to restart in 1 minute. Please disconnect now."
[10:00:25 AM] txAdmin: Logger started
[3:54:29 PM] [7M8BX#1] zurv4n: joined with identifiers [steam:1100001060850f9; license:692a52f428526e7580edff20bbd972346e57aca3; discord:425005152727072768; fivem:6896593; license2:692a52f428526e7580edff20bbd972346e57aca3]
[4:21:47 PM] [7M8BX#1] zurv4n: died from suicide (Falling)
[4:22:54 PM] [7M8BX#2] BrysonIsHere: joined with identifiers [steam:11000011524dfae; license:b6c2b7968aca6a6df383a53acf6b31bd9ba97069; xbl:2535445876379338; live:914798028643203; discord:245365522164744193; fivem:1190196; license2:b6c2b7968aca6a6df383a53acf6b31bd9ba97069]
[4:24:35 PM] [7M8BX#2] BrysonIsHere: died from suicide (Falling)
[4:25:07 PM] [7M8BX#2] BrysonIsHere: died from suicide (Falling)
[4:28:56 PM] [7M8BX#2] BrysonIsHere: died from unknown by zurv4n
[4:29:12 PM] [7M8BX#2] BrysonIsHere: said "/me "
[4:38:13 PM] [7M8BX#2] BrysonIsHere: died from unknown by zurv4n
[4:39:21 PM] [7M8BX#1] zurv4n: disconnected (Exiting)
[4:40:02 PM] [7M8BX#2] BrysonIsHere: died from suicide (Falling)
[4:46:41 PM] txAdmin: ((Broadcast) zurv4n): said "restart in 10s"
[4:46:55 PM] [7M8BX#2] BrysonIsHere: disconnected ([txAdmin] Server restarting (requested by zurv4n).)
[4:47:13 PM] txAdmin: Logger started
[4:47:39 PM] [cE8U9#1] zurv4n: joined with identifiers [steam:1100001060850f9; license:692a52f428526e7580edff20bbd972346e57aca3; discord:425005152727072768; fivem:6896593; license2:692a52f428526e7580edff20bbd972346e57aca3]
[5:30:22 PM] txAdmin: ((Broadcast) txAdmin): said "This server is scheduled to restart in 30 minutes."
[5:33:56 PM] [cE8U9#1] zurv4n: disconnected ([txAdmin] Server restarting (requested by zurv4n).)
[5:34:06 PM] txAdmin: Logger started
[5:34:36 PM] [VtpCF#1] zurv4n: joined with identifiers [steam:1100001060850f9; license:692a52f428526e7580edff20bbd972346e57aca3; discord:425005152727072768; fivem:6896593; license2:692a52f428526e7580edff20bbd972346e57aca3]
[5:45:23 PM] txAdmin: ((Broadcast) txAdmin): said "This server is scheduled to restart in 15 minutes."
[5:50:22 PM] txAdmin: ((Broadcast) txAdmin): said "This server is scheduled to restart in 10 minutes."
[5:55:24 PM] txAdmin: ((Broadcast) txAdmin): said "This server is scheduled to restart in 5 minutes."
[5:56:23 PM] txAdmin: ((Broadcast) txAdmin): said "This server is scheduled to restart in 4 minutes."
[5:57:23 PM] txAdmin: ((Broadcast) txAdmin): said "This server is scheduled to restart in 3 minutes."
[5:58:23 PM] txAdmin: ((Broadcast) txAdmin): said "This server is scheduled to restart in 2 minutes."
[5:59:01 PM] [VtpCF#1] zurv4n: disconnected (Exiting)
[5:59:24 PM] txAdmin: ((Broadcast) txAdmin): said "This server is scheduled to restart in 1 minute. Please disconnect now."
[6:00:32 PM] txAdmin: Logger started
[6:01:41 PM] [nzzpz#1] zurv4n: joined with identifiers [steam:1100001060850f9; license:692a52f428526e7580edff20bbd972346e57aca3; discord:425005152727072768; fivem:6896593; license2:692a52f428526e7580edff20bbd972346e57aca3]
[6:28:31 PM] [nzzpz#1] zurv4n: disconnected (Exiting)
[6:54:18 PM] txAdmin: Logger started
[6:54:45 PM] [RbazL#1] zurv4n: joined with identifiers [steam:1100001060850f9; license:692a52f428526e7580edff20bbd972346e57aca3; discord:425005152727072768; fivem:6896593; license2:692a52f428526e7580edff20bbd972346e57aca3]
[7:30:40 PM] [RbazL#1] zurv4n: disconnected (Exiting)
