
================================================================
======== Log Rotated - 4/6/2023, 12:00:00 AM                    
================================================================
[1:30:53 AM] txAdmin: ((Broadcast) txAdmin): said "This server is scheduled to restart in 30 minutes."
[1:45:53 AM] txAdmin: ((Broadcast) txAdmin): said "This server is scheduled to restart in 15 minutes."
[1:50:53 AM] txAdmin: ((Broadcast) txAdmin): said "This server is scheduled to restart in 10 minutes."
[1:55:54 AM] txAdmin: ((Broadcast) txAdmin): said "This server is scheduled to restart in 5 minutes."
[1:56:53 AM] txAdmin: ((Broadcast) txAdmin): said "This server is scheduled to restart in 4 minutes."
[1:57:54 AM] txAdmin: ((Broadcast) txAdmin): said "This server is scheduled to restart in 3 minutes."
[1:58:54 AM] txAdmin: ((Broadcast) txAdmin): said "This server is scheduled to restart in 2 minutes."
[1:59:53 AM] txAdmin: ((Broadcast) txAdmin): said "This server is scheduled to restart in 1 minute. Please disconnect now."
[2:01:03 AM] txAdmin: Logger started
[9:30:07 AM] txAdmin: ((Broadcast) txAdmin): said "This server is scheduled to restart in 30 minutes."
[9:45:08 AM] txAdmin: ((Broadcast) txAdmin): said "This server is scheduled to restart in 15 minutes."
[9:50:08 AM] txAdmin: ((Broadcast) txAdmin): said "This server is scheduled to restart in 10 minutes."
[9:55:08 AM] txAdmin: ((Broadcast) txAdmin): said "This server is scheduled to restart in 5 minutes."
[9:56:08 AM] txAdmin: ((Broadcast) txAdmin): said "This server is scheduled to restart in 4 minutes."
[9:57:08 AM] txAdmin: ((Broadcast) txAdmin): said "This server is scheduled to restart in 3 minutes."
[9:58:08 AM] txAdmin: ((Broadcast) txAdmin): said "This server is scheduled to restart in 2 minutes."
[9:59:08 AM] txAdmin: ((Broadcast) txAdmin): said "This server is scheduled to restart in 1 minute. Please disconnect now."
[10:00:31 AM] txAdmin: Logger started
[5:30:23 PM] txAdmin: ((Broadcast) txAdmin): said "This server is scheduled to restart in 30 minutes."
[5:45:23 PM] txAdmin: ((Broadcast) txAdmin): said "This server is scheduled to restart in 15 minutes."
[5:50:23 PM] txAdmin: ((Broadcast) txAdmin): said "This server is scheduled to restart in 10 minutes."
[5:55:24 PM] txAdmin: ((Broadcast) txAdmin): said "This server is scheduled to restart in 5 minutes."
[5:56:23 PM] txAdmin: ((Broadcast) txAdmin): said "This server is scheduled to restart in 4 minutes."
[5:57:23 PM] txAdmin: ((Broadcast) txAdmin): said "This server is scheduled to restart in 3 minutes."
[5:58:23 PM] txAdmin: ((Broadcast) txAdmin): said "This server is scheduled to restart in 2 minutes."
[5:59:23 PM] txAdmin: ((Broadcast) txAdmin): said "This server is scheduled to restart in 1 minute. Please disconnect now."
[6:00:40 PM] txAdmin: Logger started
[8:56:31 PM] txAdmin: Logger started
[8:58:38 PM] [76dAT#1] zurv4n: joined with identifiers [steam:1100001060850f9; license:692a52f428526e7580edff20bbd972346e57aca3; discord:425005152727072768; fivem:6896593; license2:692a52f428526e7580edff20bbd972346e57aca3]
[9:09:48 PM] [76dAT#1] zurv4n: disconnected (Exiting)
[9:10:02 PM] txAdmin: Logger started
[9:12:32 PM] txAdmin: Logger started
[10:23:27 PM] txAdmin: Logger started
[10:26:07 PM] [a7JK3#1] zurv4n: joined with identifiers [steam:1100001060850f9; license:692a52f428526e7580edff20bbd972346e57aca3; discord:425005152727072768; fivem:6896593; license2:692a52f428526e7580edff20bbd972346e57aca3]
[10:28:48 PM] [a7JK3#1] zurv4n: said "/alertpolice"
[10:29:34 PM] [a7JK3#1] zurv4n: said "/alertdoctor"
[10:33:51 PM] [a7JK3#1] zurv4n: disconnected (Exiting)
[10:38:32 PM] [a7JK3#2] zurv4n: joined with identifiers [steam:1100001060850f9; license:692a52f428526e7580edff20bbd972346e57aca3; discord:425005152727072768; fivem:6896593; license2:692a52f428526e7580edff20bbd972346e57aca3]
[10:49:13 PM] [a7JK3#2] zurv4n: disconnected (Exiting)
[10:50:39 PM] [a7JK3#3] zurv4n: joined with identifiers [steam:1100001060850f9; license:692a52f428526e7580edff20bbd972346e57aca3; discord:425005152727072768; fivem:6896593; license2:692a52f428526e7580edff20bbd972346e57aca3]
[11:05:49 PM] [a7JK3#3] zurv4n: said "/quir"
[11:05:51 PM] [a7JK3#3] zurv4n: disconnected (Exiting)
[11:10:32 PM] txAdmin: Logger started
[11:10:59 PM] [Xr8Xi#1] zurv4n: joined with identifiers [steam:1100001060850f9; license:692a52f428526e7580edff20bbd972346e57aca3; discord:425005152727072768; fivem:6896593; license2:692a52f428526e7580edff20bbd972346e57aca3]
[11:12:15 PM] [Xr8Xi#1] zurv4n: disconnected (Exiting)
[11:14:23 PM] txAdmin: Logger started
[11:15:02 PM] [RygDX#1] zurv4n: joined with identifiers [steam:1100001060850f9; license:692a52f428526e7580edff20bbd972346e57aca3; discord:425005152727072768; fivem:6896593; license2:692a52f428526e7580edff20bbd972346e57aca3]
[11:20:21 PM] [RygDX#1] zurv4n: disconnected (Exiting)
