
================================================================
======== Log Rotated - 4/8/2023, 12:00:00 AM                    
================================================================
[1:30:24 AM] txAdmin: ((Broadcast) txAdmin): said "This server is scheduled to restart in 30 minutes."
[1:45:25 AM] txAdmin: ((Broadcast) txAdmin): said "This server is scheduled to restart in 15 minutes."
[1:50:25 AM] txAdmin: ((Broadcast) txAdmin): said "This server is scheduled to restart in 10 minutes."
[1:55:25 AM] txAdmin: ((Broadcast) txAdmin): said "This server is scheduled to restart in 5 minutes."
[1:56:25 AM] txAdmin: ((Broadcast) txAdmin): said "This server is scheduled to restart in 4 minutes."
[1:57:25 AM] txAdmin: ((Broadcast) txAdmin): said "This server is scheduled to restart in 3 minutes."
[1:58:25 AM] txAdmin: ((Broadcast) txAdmin): said "This server is scheduled to restart in 2 minutes."
[1:59:25 AM] txAdmin: ((Broadcast) txAdmin): said "This server is scheduled to restart in 1 minute. Please disconnect now."
[2:00:35 AM] txAdmin: Logger started
[9:30:38 AM] txAdmin: ((Broadcast) txAdmin): said "This server is scheduled to restart in 30 minutes."
[9:45:39 AM] txAdmin: ((Broadcast) txAdmin): said "This server is scheduled to restart in 15 minutes."
[9:50:38 AM] txAdmin: ((Broadcast) txAdmin): said "This server is scheduled to restart in 10 minutes."
[9:55:39 AM] txAdmin: ((Broadcast) txAdmin): said "This server is scheduled to restart in 5 minutes."
[9:56:39 AM] txAdmin: ((Broadcast) txAdmin): said "This server is scheduled to restart in 4 minutes."
[9:57:39 AM] txAdmin: ((Broadcast) txAdmin): said "This server is scheduled to restart in 3 minutes."
[9:58:39 AM] txAdmin: ((Broadcast) txAdmin): said "This server is scheduled to restart in 2 minutes."
[9:59:40 AM] txAdmin: ((Broadcast) txAdmin): said "This server is scheduled to restart in 1 minute. Please disconnect now."
[10:00:57 AM] txAdmin: Logger started
[2:56:22 PM] txAdmin: Logger started
[2:56:37 PM] [XbExP#1] zurv4n: joined with identifiers [steam:1100001060850f9; license:692a52f428526e7580edff20bbd972346e57aca3; discord:425005152727072768; fivem:6896593; license2:692a52f428526e7580edff20bbd972346e57aca3]
[3:13:53 PM] [XbExP#1] zurv4n: disconnected ([txAdmin] Server restarting (requested by zurv4n).)
[3:14:02 PM] txAdmin: Logger started
[3:14:26 PM] [tg6QJ#1] zurv4n: joined with identifiers [steam:1100001060850f9; license:692a52f428526e7580edff20bbd972346e57aca3; discord:425005152727072768; fivem:6896593; license2:692a52f428526e7580edff20bbd972346e57aca3]
[3:28:20 PM] [tg6QJ#1] zurv4n: disconnected ([txAdmin] Server restarting (requested by zurv4n).)
[3:28:41 PM] txAdmin: Logger started
[3:28:50 PM] [HxTV6#1] zurv4n: joined with identifiers [steam:1100001060850f9; license:692a52f428526e7580edff20bbd972346e57aca3; discord:425005152727072768; fivem:6896593; license2:692a52f428526e7580edff20bbd972346e57aca3]
[3:40:07 PM] [HxTV6#1] zurv4n: disconnected (Exiting)
[3:42:40 PM] txAdmin: Logger started
[3:43:03 PM] [yJNcJ#1] zurv4n: joined with identifiers [steam:1100001060850f9; license:692a52f428526e7580edff20bbd972346e57aca3; discord:425005152727072768; fivem:6896593; license2:692a52f428526e7580edff20bbd972346e57aca3]
[3:45:51 PM] [yJNcJ#1] zurv4n: disconnected (Exiting)
[3:46:06 PM] txAdmin: Logger started
[3:46:23 PM] [q3prz#1] zurv4n: joined with identifiers [steam:1100001060850f9; license:692a52f428526e7580edff20bbd972346e57aca3; discord:425005152727072768; fivem:6896593; license2:692a52f428526e7580edff20bbd972346e57aca3]
[4:24:19 PM] [q3prz#1] zurv4n: disconnected (Exiting)
[5:30:54 PM] txAdmin: ((Broadcast) txAdmin): said "This server is scheduled to restart in 30 minutes."
[5:45:53 PM] txAdmin: ((Broadcast) txAdmin): said "This server is scheduled to restart in 15 minutes."
[5:50:54 PM] txAdmin: ((Broadcast) txAdmin): said "This server is scheduled to restart in 10 minutes."
[5:55:54 PM] txAdmin: ((Broadcast) txAdmin): said "This server is scheduled to restart in 5 minutes."
[5:56:54 PM] txAdmin: ((Broadcast) txAdmin): said "This server is scheduled to restart in 4 minutes."
[5:57:54 PM] txAdmin: ((Broadcast) txAdmin): said "This server is scheduled to restart in 3 minutes."
[5:58:54 PM] txAdmin: ((Broadcast) txAdmin): said "This server is scheduled to restart in 2 minutes."
[5:59:25 PM] [q3prz#2] zurv4n: joined with identifiers [steam:1100001060850f9; license:692a52f428526e7580edff20bbd972346e57aca3; discord:425005152727072768; fivem:6896593; license2:692a52f428526e7580edff20bbd972346e57aca3]
[5:59:55 PM] txAdmin: ((Broadcast) txAdmin): said "This server is scheduled to restart in 1 minute. Please disconnect now."
[6:00:21 PM] [q3prz#2] zurv4n: disconnected (Exiting)
[6:01:04 PM] txAdmin: Logger started
[6:01:20 PM] [F44M3#1] zurv4n: joined with identifiers [steam:1100001060850f9; license:692a52f428526e7580edff20bbd972346e57aca3; discord:425005152727072768; fivem:6896593; license2:692a52f428526e7580edff20bbd972346e57aca3]
[6:54:42 PM] [F44M3#1] zurv4n: said "/tp,"
[7:00:53 PM] [F44M3#1] zurv4n: disconnected (Exiting)
[7:07:00 PM] txAdmin: Logger started
[7:07:11 PM] [4QBpJ#1] zurv4n: joined with identifiers [steam:1100001060850f9; license:692a52f428526e7580edff20bbd972346e57aca3; discord:425005152727072768; fivem:6896593; license2:692a52f428526e7580edff20bbd972346e57aca3]
[7:13:35 PM] [4QBpJ#1] zurv4n: disconnected (Exiting)
[7:16:28 PM] txAdmin: Logger started
[7:17:00 PM] [7x9Nb#1] zurv4n: joined with identifiers [steam:1100001060850f9; license:692a52f428526e7580edff20bbd972346e57aca3; discord:425005152727072768; fivem:6896593; license2:692a52f428526e7580edff20bbd972346e57aca3]
[7:20:12 PM] [7x9Nb#1] zurv4n: disconnected (Exiting)
[7:20:39 PM] txAdmin: Logger started
[7:20:58 PM] [WBiz7#1] zurv4n: joined with identifiers [steam:1100001060850f9; license:692a52f428526e7580edff20bbd972346e57aca3; discord:425005152727072768; fivem:6896593; license2:692a52f428526e7580edff20bbd972346e57aca3]
[7:24:44 PM] [WBiz7#2] Colt Johnson: joined with identifiers [steam:110000114e4c691; license:7c3b72c565602fb4da21dd19ec61cf7449542f8d; discord:363870235951890432; fivem:7033391; license2:7c3b72c565602fb4da21dd19ec61cf7449542f8d]
[7:25:04 PM] [WBiz7#1] zurv4n: disconnected ([txAdmin] Server restarting (requested by zurv4n).)
[7:25:04 PM] [WBiz7#2] Colt Johnson: disconnected ([txAdmin] Server restarting (requested by zurv4n).)
[7:25:14 PM] txAdmin: Logger started
[7:25:32 PM] [PXDkw#1] Colt Johnson: joined with identifiers [steam:110000114e4c691; license:7c3b72c565602fb4da21dd19ec61cf7449542f8d; discord:363870235951890432; fivem:7033391; license2:7c3b72c565602fb4da21dd19ec61cf7449542f8d]
[7:25:39 PM] [PXDkw#2] zurv4n: joined with identifiers [steam:1100001060850f9; license:692a52f428526e7580edff20bbd972346e57aca3; discord:425005152727072768; fivem:6896593; license2:692a52f428526e7580edff20bbd972346e57aca3]
[7:29:13 PM] [PXDkw#1] Colt Johnson: said "/addItem 1 pocket_watch 1"
[7:43:19 PM] [PXDkw#2] zurv4n: disconnected (Exiting)
[7:43:19 PM] [PXDkw#1] Colt Johnson: disconnected (Exiting)
[7:43:35 PM] txAdmin: Logger started
[7:44:53 PM] [4cRQh#1] Colt Johnson: joined with identifiers [steam:110000114e4c691; license:7c3b72c565602fb4da21dd19ec61cf7449542f8d; discord:363870235951890432; fivem:7033391; license2:7c3b72c565602fb4da21dd19ec61cf7449542f8d]
[7:46:25 PM] [4cRQh#1] Colt Johnson: disconnected (Exiting)
[7:46:51 PM] txAdmin: Logger started
[7:49:15 PM] [D3KCJ#1] Colt Johnson: joined with identifiers [steam:110000114e4c691; license:7c3b72c565602fb4da21dd19ec61cf7449542f8d; discord:363870235951890432; fivem:7033391; license2:7c3b72c565602fb4da21dd19ec61cf7449542f8d]
[8:07:07 PM] [D3KCJ#1] Colt Johnson: disconnected (Exiting)
[8:07:18 PM] txAdmin: Logger started
[8:09:05 PM] [TeKXT#1] Colt Johnson: joined with identifiers [steam:110000114e4c691; license:7c3b72c565602fb4da21dd19ec61cf7449542f8d; discord:363870235951890432; fivem:7033391; license2:7c3b72c565602fb4da21dd19ec61cf7449542f8d]
[8:12:12 PM] [TeKXT#1] Colt Johnson: disconnected (Disconnected.)
[8:25:00 PM] [TeKXT#2] zurv4n: joined with identifiers [steam:1100001060850f9; license:692a52f428526e7580edff20bbd972346e57aca3; discord:425005152727072768; fivem:6896593; license2:692a52f428526e7580edff20bbd972346e57aca3]
[8:25:32 PM] [TeKXT#3] Colt Johnson: joined with identifiers [steam:110000114e4c691; license:7c3b72c565602fb4da21dd19ec61cf7449542f8d; discord:363870235951890432; fivem:7033391; license2:7c3b72c565602fb4da21dd19ec61cf7449542f8d]
[8:35:27 PM] [TeKXT#2] zurv4n: caused an explosion (EXTINGUISHER)
[8:38:18 PM] [TeKXT#2] zurv4n: caused an explosion (EXTINGUISHER)
[8:46:13 PM] [TeKXT#3] Colt Johnson: disconnected (Disconnected.)
[8:46:13 PM] [TeKXT#2] zurv4n: disconnected (Exiting)
[8:46:28 PM] txAdmin: Logger started
[8:46:49 PM] [ykCML#1] zurv4n: joined with identifiers [steam:1100001060850f9; license:692a52f428526e7580edff20bbd972346e57aca3; discord:425005152727072768; fivem:6896593; license2:692a52f428526e7580edff20bbd972346e57aca3]
[8:46:54 PM] [ykCML#2] Colt Johnson: joined with identifiers [steam:110000114e4c691; license:7c3b72c565602fb4da21dd19ec61cf7449542f8d; discord:363870235951890432; fivem:7033391; license2:7c3b72c565602fb4da21dd19ec61cf7449542f8d]
[9:05:47 PM] [ykCML#1] zurv4n: died from suicide
[9:12:20 PM] [ykCML#2] Colt Johnson: disconnected (Exiting)
[9:42:14 PM] [ykCML#1] zurv4n: disconnected (Exiting)
