
================================================================
======== Log Rotated - 4/3/2023, 12:00:00 AM                    
================================================================
[1:30:37 AM] txAdmin: ((Broadcast) txAdmin): said "This server is scheduled to restart in 30 minutes."
[1:45:38 AM] txAdmin: ((Broadcast) txAdmin): said "This server is scheduled to restart in 15 minutes."
[1:50:38 AM] txAdmin: ((Broadcast) txAdmin): said "This server is scheduled to restart in 10 minutes."
[1:55:38 AM] txAdmin: ((Broadcast) txAdmin): said "This server is scheduled to restart in 5 minutes."
[1:56:39 AM] txAdmin: ((Broadcast) txAdmin): said "This server is scheduled to restart in 4 minutes."
[1:57:39 AM] txAdmin: ((Broadcast) txAdmin): said "This server is scheduled to restart in 3 minutes."
[1:58:38 AM] txAdmin: ((Broadcast) txAdmin): said "This server is scheduled to restart in 2 minutes."
[1:59:38 AM] txAdmin: ((Broadcast) txAdmin): said "This server is scheduled to restart in 1 minute. Please disconnect now."
[2:00:47 AM] txAdmin: Logger started
[9:30:52 AM] txAdmin: ((Broadcast) txAdmin): said "This server is scheduled to restart in 30 minutes."
[9:45:52 AM] txAdmin: ((Broadcast) txAdmin): said "This server is scheduled to restart in 15 minutes."
[9:50:53 AM] txAdmin: ((Broadcast) txAdmin): said "This server is scheduled to restart in 10 minutes."
[9:55:53 AM] txAdmin: ((Broadcast) txAdmin): said "This server is scheduled to restart in 5 minutes."
[9:56:53 AM] txAdmin: ((Broadcast) txAdmin): said "This server is scheduled to restart in 4 minutes."
[9:57:53 AM] txAdmin: ((Broadcast) txAdmin): said "This server is scheduled to restart in 3 minutes."
[9:58:53 AM] txAdmin: ((Broadcast) txAdmin): said "This server is scheduled to restart in 2 minutes."
[9:59:53 AM] txAdmin: ((Broadcast) txAdmin): said "This server is scheduled to restart in 1 minute. Please disconnect now."
[10:01:09 AM] txAdmin: Logger started
[5:30:08 PM] txAdmin: ((Broadcast) txAdmin): said "This server is scheduled to restart in 30 minutes."
[5:45:08 PM] txAdmin: ((Broadcast) txAdmin): said "This server is scheduled to restart in 15 minutes."
[5:50:08 PM] txAdmin: ((Broadcast) txAdmin): said "This server is scheduled to restart in 10 minutes."
[5:55:08 PM] txAdmin: ((Broadcast) txAdmin): said "This server is scheduled to restart in 5 minutes."
[5:56:08 PM] txAdmin: ((Broadcast) txAdmin): said "This server is scheduled to restart in 4 minutes."
[5:57:08 PM] txAdmin: ((Broadcast) txAdmin): said "This server is scheduled to restart in 3 minutes."
[5:58:08 PM] txAdmin: ((Broadcast) txAdmin): said "This server is scheduled to restart in 2 minutes."
[5:59:09 PM] txAdmin: ((Broadcast) txAdmin): said "This server is scheduled to restart in 1 minute. Please disconnect now."
[6:00:25 PM] txAdmin: Logger started
[6:25:48 PM] [cqLBJ#1] Colt Johnson: joined with identifiers [steam:110000114e4c691; license:7c3b72c565602fb4da21dd19ec61cf7449542f8d; discord:363870235951890432; fivem:7033391; license2:7c3b72c565602fb4da21dd19ec61cf7449542f8d]
[6:31:30 PM] [cqLBJ#1] Colt Johnson: disconnected (Disconnected.)
[6:31:50 PM] txAdmin: Logger started
[6:32:34 PM] [8dXHJ#1] Colt Johnson: joined with identifiers [steam:110000114e4c691; license:7c3b72c565602fb4da21dd19ec61cf7449542f8d; discord:363870235951890432; fivem:7033391; license2:7c3b72c565602fb4da21dd19ec61cf7449542f8d]
[6:32:38 PM] [8dXHJ#2] zurv4n: joined with identifiers [steam:1100001060850f9; license:692a52f428526e7580edff20bbd972346e57aca3; discord:425005152727072768; fivem:6896593; license2:692a52f428526e7580edff20bbd972346e57aca3]
[7:07:03 PM] [8dXHJ#1] Colt Johnson: disconnected (Exiting)
[7:08:21 PM] [8dXHJ#2] zurv4n: disconnected (Exiting)
[7:10:20 PM] txAdmin: Logger started
[7:11:52 PM] [feQpb#1] zurv4n: joined with identifiers [steam:1100001060850f9; license:692a52f428526e7580edff20bbd972346e57aca3; discord:425005152727072768; fivem:6896593; license2:692a52f428526e7580edff20bbd972346e57aca3]
[7:21:33 PM] [feQpb#1] zurv4n: said "/quiit"
[7:21:35 PM] [feQpb#1] zurv4n: disconnected (Exiting)
[7:26:27 PM] txAdmin: Logger started
[7:26:50 PM] [hGgiz#1] zurv4n: joined with identifiers [steam:1100001060850f9; license:692a52f428526e7580edff20bbd972346e57aca3; discord:425005152727072768; fivem:6896593; license2:692a52f428526e7580edff20bbd972346e57aca3]
[7:30:01 PM] [hGgiz#2] Colt Johnson: joined with identifiers [steam:110000114e4c691; license:7c3b72c565602fb4da21dd19ec61cf7449542f8d; discord:363870235951890432; fivem:7033391; license2:7c3b72c565602fb4da21dd19ec61cf7449542f8d]
[7:32:26 PM] [hGgiz#2] Colt Johnson: disconnected (Disconnected.)
[7:33:44 PM] [hGgiz#3] Colt Johnson: joined with identifiers [steam:110000114e4c691; license:7c3b72c565602fb4da21dd19ec61cf7449542f8d; discord:363870235951890432; fivem:7033391; license2:7c3b72c565602fb4da21dd19ec61cf7449542f8d]
[7:37:23 PM] [hGgiz#3] Colt Johnson: said "/togglechat"
[7:44:23 PM] [hGgiz#3] Colt Johnson: said "/togglechat"
[7:45:28 PM] [hGgiz#3] Colt Johnson: said "/togglechat"
[7:47:14 PM] [hGgiz#3] Colt Johnson: said "/togglechat"
[7:59:59 PM] [hGgiz#1] zurv4n: disconnected (Exiting)
[8:06:37 PM] [hGgiz#3] Colt Johnson: disconnected (Disconnected.)
[8:21:27 PM] txAdmin: Logger started
[8:52:25 PM] txAdmin: Logger started
[8:53:06 PM] [cGf9G#1] zurv4n: joined with identifiers [steam:1100001060850f9; license:692a52f428526e7580edff20bbd972346e57aca3; discord:425005152727072768; fivem:6896593; license2:692a52f428526e7580edff20bbd972346e57aca3]
[9:01:51 PM] [cGf9G#1] zurv4n: disconnected (Exiting)
[9:15:01 PM] txAdmin: Logger started
[9:15:16 PM] [jRDyR#1] zurv4n: joined with identifiers [steam:1100001060850f9; license:692a52f428526e7580edff20bbd972346e57aca3; discord:425005152727072768; fivem:6896593; license2:692a52f428526e7580edff20bbd972346e57aca3]
[9:18:04 PM] [jRDyR#1] zurv4n: disconnected (Exiting)
[9:23:10 PM] [jRDyR#2] zurv4n: joined with identifiers [steam:1100001060850f9; license:692a52f428526e7580edff20bbd972346e57aca3; discord:425005152727072768; fivem:6896593; license2:692a52f428526e7580edff20bbd972346e57aca3]
[9:32:37 PM] [jRDyR#3] Colt Johnson: joined with identifiers [steam:110000114e4c691; license:7c3b72c565602fb4da21dd19ec61cf7449542f8d; discord:363870235951890432; fivem:7033391; license2:7c3b72c565602fb4da21dd19ec61cf7449542f8d]
[9:45:45 PM] [jRDyR#2] zurv4n: disconnected (Exiting)
[9:45:49 PM] [jRDyR#3] Colt Johnson: disconnected (Disconnected.)
[9:46:04 PM] txAdmin: Logger started
[9:46:29 PM] [QTMiQ#1] Colt Johnson: joined with identifiers [steam:110000114e4c691; license:7c3b72c565602fb4da21dd19ec61cf7449542f8d; discord:363870235951890432; fivem:7033391; license2:7c3b72c565602fb4da21dd19ec61cf7449542f8d]
[9:46:38 PM] [QTMiQ#2] zurv4n: joined with identifiers [steam:1100001060850f9; license:692a52f428526e7580edff20bbd972346e57aca3; discord:425005152727072768; fivem:6896593; license2:692a52f428526e7580edff20bbd972346e57aca3]
[9:51:19 PM] [QTMiQ#1] Colt Johnson: disconnected ([txAdmin] Server restarting (requested by zurv4n).)
[9:51:19 PM] [QTMiQ#2] zurv4n: disconnected ([txAdmin] Server restarting (requested by zurv4n).)
[9:51:28 PM] txAdmin: Logger started
[9:52:01 PM] [AQK99#1] zurv4n: joined with identifiers [steam:1100001060850f9; license:692a52f428526e7580edff20bbd972346e57aca3; discord:425005152727072768; fivem:6896593; license2:692a52f428526e7580edff20bbd972346e57aca3]
[9:53:40 PM] [AQK99#2] Colt Johnson: joined with identifiers [steam:110000114e4c691; license:7c3b72c565602fb4da21dd19ec61cf7449542f8d; discord:363870235951890432; fivem:7033391; license2:7c3b72c565602fb4da21dd19ec61cf7449542f8d]
[10:26:53 PM] [AQK99#2] Colt Johnson: disconnected (Exiting)
[10:27:16 PM] [AQK99#3] Colt Johnson: joined with identifiers [steam:110000114e4c691; license:7c3b72c565602fb4da21dd19ec61cf7449542f8d; discord:363870235951890432; fivem:7033391; license2:7c3b72c565602fb4da21dd19ec61cf7449542f8d]
[10:33:07 PM] [AQK99#1] zurv4n: disconnected (Exiting)
[10:47:52 PM] [AQK99#3] Colt Johnson: disconnected ([txAdmin] Server restarting (requested by zurv4n).)
[10:48:02 PM] txAdmin: Logger started
[10:48:14 PM] [CNQ9m#1] zurv4n: joined with identifiers [steam:1100001060850f9; license:692a52f428526e7580edff20bbd972346e57aca3; discord:425005152727072768; fivem:6896593; license2:692a52f428526e7580edff20bbd972346e57aca3]
[10:52:10 PM] [CNQ9m#1] zurv4n: disconnected (Exiting)
[11:21:34 PM] txAdmin: Logger started
[11:22:12 PM] [pdPyA#1] zurv4n: joined with identifiers [steam:1100001060850f9; license:692a52f428526e7580edff20bbd972346e57aca3; discord:425005152727072768; fivem:6896593; license2:692a52f428526e7580edff20bbd972346e57aca3]
[11:29:45 PM] [pdPyA#1] zurv4n: disconnected (Disconnected.)
[11:30:02 PM] txAdmin: Logger started
[11:33:30 PM] txAdmin: Logger started
[11:33:42 PM] [9QaTg#1] zurv4n: joined with identifiers [steam:1100001060850f9; license:692a52f428526e7580edff20bbd972346e57aca3; discord:425005152727072768; fivem:6896593; license2:692a52f428526e7580edff20bbd972346e57aca3]
[11:35:17 PM] [9QaTg#1] zurv4n: disconnected (Exiting)
[11:36:39 PM] txAdmin: Logger started
[11:37:00 PM] [NTtEw#1] zurv4n: joined with identifiers [steam:1100001060850f9; license:692a52f428526e7580edff20bbd972346e57aca3; discord:425005152727072768; fivem:6896593; license2:692a52f428526e7580edff20bbd972346e57aca3]
[11:39:35 PM] [NTtEw#1] zurv4n: disconnected (Exiting)
[11:40:09 PM] txAdmin: Logger started
[11:40:28 PM] [RyTEz#1] zurv4n: joined with identifiers [steam:1100001060850f9; license:692a52f428526e7580edff20bbd972346e57aca3; discord:425005152727072768; fivem:6896593; license2:692a52f428526e7580edff20bbd972346e57aca3]
[11:42:02 PM] [RyTEz#1] zurv4n: disconnected (Exiting)
[11:45:27 PM] txAdmin: Logger started
[11:46:46 PM] [mrybH#1] zurv4n: joined with identifiers [steam:1100001060850f9; license:692a52f428526e7580edff20bbd972346e57aca3; discord:425005152727072768; fivem:6896593; license2:692a52f428526e7580edff20bbd972346e57aca3]
[11:48:18 PM] [mrybH#1] zurv4n: disconnected (Exiting)
